2026-06-18T01:56:46.768802493Z [err]  2026-06-18 01:56:46,537 - INFO - Configuration loaded from environment variables
2026-06-18T01:56:46.768807583Z [inf]  ✅ Champions loaded from cache
2026-06-18T01:56:47.298032705Z [inf]  Starting Container
2026-06-18T01:56:47.940138115Z [err]  2026-06-18 01:56:47,938 - INFO - Successfully logged onto Twitch WS: ireliaig99
2026-06-18T01:56:47.972483339Z [inf]  🚀 Bot conectado como ireliaig99
2026-06-18T01:56:47.972493308Z [inf]  🚀 [actualizar_datos] STARTING game update loop...
2026-06-18T01:56:47.972499388Z [inf]  📡 [Bot.event_ready] Connected channels: [<Channel name: ruben_irpg>]
2026-06-18T01:56:47.972502458Z [inf]  📡 [Bot.event_ready] Configured channel: ruben_irpg
2026-06-18T01:56:47.972505608Z [inf]  📡 [Bot.event_ready] Total connected channels: 1
2026-06-18T01:56:48.035300381Z [err]  2026-06-18 01:56:48,034 - INFO - Successfully retrieved PUUID for estufa70#RPG
2026-06-18T01:56:48.039585643Z [err]  2026-06-18 01:56:48,035 - INFO - Cache PUUID mismatch: cache has adTLLa716j32yY0YAS3e--BGqM-c4eiuIPAjv5-NymH-JbizmW-SeFM7b6SJuq5ZOOsOQJhvqJoLmA, current is SFpzMV9UaRchdbjq-LUIsPcl-yRH3AZWQMbi8zfTzrRCrwYFeu_P1HRKbyC-DjLxdNPza2nS-3f2fw
2026-06-18T01:56:48.039590683Z [inf]  🔄 Updating match cache on startup...
2026-06-18T01:56:48.039594323Z [inf]  🔄 Updating match cache (max 50 matches)...
2026-06-18T01:57:18.040241003Z [err]  2026-06-18 01:57:10,869 - WARNING - Rate limit reached, waiting 97.1 seconds
2026-06-18T01:58:58.058779369Z [inf]  📊 Processing match 21/50
2026-06-18T01:59:18.061196885Z [err]  2026-06-18 01:59:12,027 - WARNING - Rate limit reached, waiting 95.9 seconds
2026-06-18T02:00:58.225259136Z [inf]  📊 Processing match 41/50
2026-06-18T02:01:02.399396878Z [inf]  ✅ Cache updated with 45 ranked games: 25W/20L
2026-06-18T02:01:02.400488009Z [inf]  💾 Streaks saved to disk
2026-06-18T02:01:02.400492789Z [inf]  ✅ Cache loaded: 25W/20L
2026-06-18T02:01:04.757069580Z [inf]  💾 Streaks saved to disk
2026-06-18T02:01:04.757071960Z [inf]  ✅ Last game recovered from persistence or API
2026-06-18T02:01:04.757074430Z [inf]  💾 Streaks saved to disk
2026-06-18T02:01:05.873109383Z [err]  2026-06-18 02:01:05,869 - ERROR - Spectator API error 403: {"status":{"message":"Forbidden","status_code":403}}
2026-06-18T02:01:05.873112373Z [err]  2026-06-18 02:01:05,869 - WARNING - Spectator API transient error detected; keeping previous state
2026-06-18T02:01:11.241505148Z [err]  2026-06-18 02:01:10,909 - WARNING - Spectator API transient error detected; keeping previous state
2026-06-18T02:01:11.241513008Z [err]  2026-06-18 02:01:10,908 - ERROR - Spectator API error 403: {"status":{"message":"Forbidden","status_code":403}}
2026-06-18T02:01:15.955383749Z [err]  2026-06-18 02:01:15,948 - ERROR - Spectator API error 403: {"status":{"message":"Forbidden","status_code":403}}
2026-06-18T02:01:15.955386939Z [err]  2026-06-18 02:01:15,950 - WARNING - Spectator API transient error detected; keeping previous state
2026-06-18T02:01:20.987182126Z [err]  2026-06-18 02:01:20,985 - ERROR - Spectator API error 403: {"status":{"message":"Forbidden","status_code":403}}
2026-06-18T02:01:20.987186226Z [err]  2026-06-18 02:01:20,986 - WARNING - Spectator API transient error detected; keeping previous state
2026-06-18T02:01:26.044298965Z [err]  2026-06-18 02:01:26,042 - ERROR - Spectator API error 403: {"status":{"message":"Forbidden","status_code":403}}
2026-06-18T02:01:26.044304025Z [err]  2026-06-18 02:01:26,043 - WARNING - Spectator API transient error detected; keeping previous state
2026-06-18T02:01:31.171629401Z [err]  2026-06-18 02:01:31,081 - ERROR - Spectator API error 403: {"status":{"message":"Forbidden","status_code":403}}
2026-06-18T02:01:31.171632851Z [err]  2026-06-18 02:01:31,082 - WARNING - Spectator API transient error detected; keeping previous state
2026-06-18T02:01:36.157894325Z [err]  2026-06-18 02:01:36,084 - WARNING - Rate limit reached, waiting 71.9 seconds
2026-06-18T02:02:56.099637326Z [err]  2026-06-18 02:02:48,028 - ERROR - Spectator API error 403: {"status":{"message":"Forbidden","status_code":403}}
2026-06-18T02:02:56.099642116Z [err]  2026-06-18 02:02:48,030 - WARNING - Spectator API transient error detected; keeping previous state
2026-06-18T02:02:56.099645746Z [err]  2026-06-18 02:02:53,062 - ERROR - Spectator API error 403: {"status":{"message":"Forbidden","status_code":403}}
2026-06-18T02:02:56.099649116Z [err]  2026-06-18 02:02:53,063 - WARNING - Spectator API transient error detected; keeping previous state
2026-06-18T02:02:58.112673090Z [err]  2026-06-18 02:02:58,110 - ERROR - Spectator API error 403: {"status":{"message":"Forbidden","status_code":403}}
2026-06-18T02:02:58.112676360Z [err]  2026-06-18 02:02:58,111 - WARNING - Spectator API transient error detected; keeping previous state
2026-06-18T02:03:03.151640453Z [err]  2026-06-18 02:03:03,149 - ERROR - Spectator API error 403: {"status":{"message":"Forbidden","status_code":403}}
2026-06-18T02:03:03.151646293Z [err]  2026-06-18 02:03:03,150 - WARNING - Spectator API transient error detected; keeping previous state
2026-06-18T02:03:08.187033164Z [err]  2026-06-18 02:03:08,186 - ERROR - Spectator API error 403: {"status":{"message":"Forbidden","status_code":403}}
2026-06-18T02:03:08.188161364Z [err]  2026-06-18 02:03:08,187 - WARNING - Spectator API transient error detected; keeping previous state
2026-06-18T02:03:13.311068485Z [err]  2026-06-18 02:03:13,229 - ERROR - Spectator API error 403: {"status":{"message":"Forbidden","status_code":403}}
2026-06-18T02:03:13.311077984Z [err]  2026-06-18 02:03:13,230 - WARNING - Spectator API transient error detected; keeping previous state
2026-06-18T02:03:18.333964615Z [err]  2026-06-18 02:03:18,261 - ERROR - Spectator API error 403: {"status":{"message":"Forbidden","status_code":403}}
2026-06-18T02:03:18.333977595Z [err]  2026-06-18 02:03:18,264 - WARNING - Spectator API transient error detected; keeping previous state
2026-06-18T02:03:23.311076442Z [err]  2026-06-18 02:03:23,304 - ERROR - Spectator API error 403: {"status":{"message":"Forbidden","status_code":403}}
2026-06-18T02:03:23.311080132Z [err]  2026-06-18 02:03:23,306 - WARNING - Spectator API transient error detected; keeping previous state
2026-06-18T02:03:28.353358302Z [err]  2026-06-18 02:03:28,349 - ERROR - Spectator API error 403: {"status":{"message":"Forbidden","status_code":403}}
2026-06-18T02:03:28.353362422Z [err]  2026-06-18 02:03:28,350 - WARNING - Spectator API transient error detected; keeping previous state
2026-06-18T02:03:33.383941486Z [err]  2026-06-18 02:03:33,380 - ERROR - Spectator API error 403: {"status":{"message":"Forbidden","status_code":403}}
2026-06-18T02:03:33.383954545Z [err]  2026-06-18 02:03:33,381 - WARNING - Spectator API transient error detected; keeping previous state
2026-06-18T02:03:38.430476546Z [err]  2026-06-18 02:03:38,427 - ERROR - Spectator API error 403: {"status":{"message":"Forbidden","status_code":403}}
2026-06-18T02:03:38.433575783Z [err]  2026-06-18 02:03:38,432 - WARNING - Spectator API transient error detected; keeping previous state
2026-06-18T02:03:43.471484132Z [err]  2026-06-18 02:03:43,470 - ERROR - Spectator API error 403: {"status":{"message":"Forbidden","status_code":403}}
2026-06-18T02:03:43.474267695Z [err]  2026-06-18 02:03:43,471 - WARNING - Spectator API transient error detected; keeping previous state
2026-06-18T02:03:48.504492755Z [err]  2026-06-18 02:03:48,503 - ERROR - Spectator API error 403: {"status":{"message":"Forbidden","status_code":403}}
2026-06-18T02:03:48.505374310Z [err]  2026-06-18 02:03:48,504 - WARNING - Spectator API transient error detected; keeping previous state
2026-06-18T02:03:53.544049017Z [err]  2026-06-18 02:03:53,543 - ERROR - Spectator API error 403: {"status":{"message":"Forbidden","status_code":403}}
2026-06-18T02:03:53.545030080Z [err]  2026-06-18 02:03:53,544 - WARNING - Spectator API transient error detected; keeping previous state
2026-06-18T02:03:58.585472116Z [err]  2026-06-18 02:03:58,584 - ERROR - Spectator API error 403: {"status":{"message":"Forbidden","status_code":403}}
2026-06-18T02:03:58.586880782Z [err]  2026-06-18 02:03:58,585 - WARNING - Spectator API transient error detected; keeping previous state
2026-06-18T02:04:03.625107874Z [err]  2026-06-18 02:04:03,624 - ERROR - Spectator API error 403: {"status":{"message":"Forbidden","status_code":403}}
2026-06-18T02:04:03.629355121Z [err]  2026-06-18 02:04:03,625 - WARNING - Spectator API transient error detected; keeping previous state
2026-06-18T02:04:08.660397025Z [err]  2026-06-18 02:04:08,658 - ERROR - Spectator API error 403: {"status":{"message":"Forbidden","status_code":403}}
2026-06-18T02:04:08.661162292Z [err]  2026-06-18 02:04:08,660 - WARNING - Spectator API transient error detected; keeping previous state
2026-06-18T02:04:13.696697497Z [err]  2026-06-18 02:04:13,695 - ERROR - Spectator API error 403: {"status":{"message":"Forbidden","status_code":403}}
2026-06-18T02:04:13.698085483Z [err]  2026-06-18 02:04:13,696 - WARNING - Spectator API transient error detected; keeping previous state
2026-06-18T02:04:18.734650609Z [err]  2026-06-18 02:04:18,734 - ERROR - Spectator API error 403: {"status":{"message":"Forbidden","status_code":403}}
2026-06-18T02:04:18.737046758Z [err]  2026-06-18 02:04:18,735 - WARNING - Spectator API transient error detected; keeping previous state
2026-06-18T02:04:23.777198941Z [err]  2026-06-18 02:04:23,775 - ERROR - Spectator API error 403: {"status":{"message":"Forbidden","status_code":403}}
2026-06-18T02:04:23.777202821Z [err]  2026-06-18 02:04:23,776 - WARNING - Spectator API transient error detected; keeping previous state
2026-06-18T02:04:28.783126573Z [err]  2026-06-18 02:04:28,781 - WARNING - Rate limit reached, waiting 19.2 seconds
2026-06-18T02:04:48.783809615Z [err]  2026-06-18 02:04:48,023 - ERROR - Spectator API error 403: {"status":{"message":"Forbidden","status_code":403}}
2026-06-18T02:04:48.783813755Z [err]  2026-06-18 02:04:48,024 - WARNING - Spectator API transient error detected; keeping previous state
2026-06-18T02:04:53.060501652Z [err]  2026-06-18 02:04:53,059 - ERROR - Spectator API error 403: {"status":{"message":"Forbidden","status_code":403}}
2026-06-18T02:04:53.060505202Z [err]  2026-06-18 02:04:53,059 - WARNING - Spectator API transient error detected; keeping previous state
2026-06-18T02:04:58.097717801Z [err]  2026-06-18 02:04:58,095 - ERROR - Spectator API error 403: {"status":{"message":"Forbidden","status_code":403}}
2026-06-18T02:04:58.097721511Z [err]  2026-06-18 02:04:58,096 - WARNING - Spectator API transient error detected; keeping previous state
2026-06-18T02:05:03.151608131Z [err]  2026-06-18 02:05:03,148 - ERROR - Spectator API error 403: {"status":{"message":"Forbidden","status_code":403}}
2026-06-18T02:05:03.151625531Z [err]  2026-06-18 02:05:03,149 - WARNING - Spectator API transient error detected; keeping previous state
2026-06-18T02:05:08.189754123Z [err]  2026-06-18 02:05:08,188 - ERROR - Spectator API error 403: {"status":{"message":"Forbidden","status_code":403}}
2026-06-18T02:05:08.190684097Z [err]  2026-06-18 02:05:08,189 - WARNING - Spectator API transient error detected; keeping previous state
2026-06-18T02:05:13.228396471Z [err]  2026-06-18 02:05:13,227 - ERROR - Spectator API error 403: {"status":{"message":"Forbidden","status_code":403}}
2026-06-18T02:05:13.229206767Z [err]  2026-06-18 02:05:13,228 - WARNING - Spectator API transient error detected; keeping previous state
2026-06-18T02:05:18.267736719Z [err]  2026-06-18 02:05:18,267 - ERROR - Spectator API error 403: {"status":{"message":"Forbidden","status_code":403}}
2026-06-18T02:05:18.269269633Z [err]  2026-06-18 02:05:18,268 - WARNING - Spectator API transient error detected; keeping previous state
2026-06-18T02:05:23.303848398Z [err]  2026-06-18 02:05:23,300 - ERROR - Spectator API error 403: {"status":{"message":"Forbidden","status_code":403}}
2026-06-18T02:05:23.303851368Z [err]  2026-06-18 02:05:23,302 - WARNING - Spectator API transient error detected; keeping previous state
2026-06-18T02:05:28.343958211Z [err]  2026-06-18 02:05:28,341 - ERROR - Spectator API error 403: {"status":{"message":"Forbidden","status_code":403}}
2026-06-18T02:05:28.343963321Z [err]  2026-06-18 02:05:28,342 - WARNING - Spectator API transient error detected; keeping previous state
2026-06-18T02:05:33.382069820Z [err]  2026-06-18 02:05:33,380 - ERROR - Spectator API error 403: {"status":{"message":"Forbidden","status_code":403}}
2026-06-18T02:05:33.382602281Z [err]  2026-06-18 02:05:33,381 - WARNING - Spectator API transient error detected; keeping previous state
2026-06-18T02:05:38.509477460Z [err]  2026-06-18 02:05:38,429 - ERROR - Spectator API error 403: {"status":{"message":"Forbidden","status_code":403}}
2026-06-18T02:05:38.509480390Z [err]  2026-06-18 02:05:38,430 - WARNING - Spectator API transient error detected; keeping previous state
2026-06-18T02:05:43.509776845Z [err]  2026-06-18 02:05:43,463 - ERROR - Spectator API error 403: {"status":{"message":"Forbidden","status_code":403}}
2026-06-18T02:05:43.509782365Z [err]  2026-06-18 02:05:43,464 - WARNING - Spectator API transient error detected; keeping previous state
2026-06-18T02:05:48.527596195Z [err]  2026-06-18 02:05:48,500 - ERROR - Spectator API error 403: {"status":{"message":"Forbidden","status_code":403}}
2026-06-18T02:05:48.527600565Z [err]  2026-06-18 02:05:48,502 - WARNING - Spectator API transient error detected; keeping previous state
2026-06-18T02:05:53.560664439Z [err]  2026-06-18 02:05:53,535 - ERROR - Spectator API error 403: {"status":{"message":"Forbidden","status_code":403}}
2026-06-18T02:05:53.560667009Z [err]  2026-06-18 02:05:53,537 - WARNING - Spectator API transient error detected; keeping previous state
2026-06-18T02:05:58.577551557Z [err]  2026-06-18 02:05:58,576 - ERROR - Spectator API error 403: {"status":{"message":"Forbidden","status_code":403}}
2026-06-18T02:05:58.578176756Z [err]  2026-06-18 02:05:58,576 - WARNING - Spectator API transient error detected; keeping previous state
2026-06-18T02:06:03.615546039Z [err]  2026-06-18 02:06:03,614 - ERROR - Spectator API error 403: {"status":{"message":"Forbidden","status_code":403}}
2026-06-18T02:06:03.616438944Z [err]  2026-06-18 02:06:03,615 - WARNING - Spectator API transient error detected; keeping previous state
2026-06-18T02:06:08.656477361Z [err]  2026-06-18 02:06:08,655 - ERROR - Spectator API error 403: {"status":{"message":"Forbidden","status_code":403}}
2026-06-18T02:06:08.656927234Z [err]  2026-06-18 02:06:08,656 - WARNING - Spectator API transient error detected; keeping previous state
2026-06-18T02:06:13.694133630Z [err]  2026-06-18 02:06:13,693 - ERROR - Spectator API error 403: {"status":{"message":"Forbidden","status_code":403}}
2026-06-18T02:06:13.696147116Z [err]  2026-06-18 02:06:13,694 - WARNING - Spectator API transient error detected; keeping previous state
2026-06-18T02:06:18.732086074Z [err]  2026-06-18 02:06:18,729 - ERROR - Spectator API error 403: {"status":{"message":"Forbidden","status_code":403}}
2026-06-18T02:06:18.732857691Z [err]  2026-06-18 02:06:18,731 - WARNING - Spectator API transient error detected; keeping previous state
2026-06-18T02:06:23.767139936Z [err]  2026-06-18 02:06:23,766 - ERROR - Spectator API error 403: {"status":{"message":"Forbidden","status_code":403}}
2026-06-18T02:06:23.768662660Z [err]  2026-06-18 02:06:23,767 - WARNING - Spectator API transient error detected; keeping previous state
2026-06-18T02:06:28.774591544Z [err]  2026-06-18 02:06:28,773 - WARNING - Rate limit reached, waiting 19.2 seconds
2026-06-18T02:06:48.774260886Z [err]  2026-06-18 02:06:48,026 - ERROR - Spectator API error 403: {"status":{"message":"Forbidden","status_code":403}}
2026-06-18T02:06:48.774263566Z [err]  2026-06-18 02:06:48,027 - WARNING - Spectator API transient error detected; keeping previous state
2026-06-18T02:06:53.071535723Z [err]  2026-06-18 02:06:53,068 - ERROR - Spectator API error 403: {"status":{"message":"Forbidden","status_code":403}}
2026-06-18T02:06:53.071539653Z [err]  2026-06-18 02:06:53,069 - WARNING - Spectator API transient error detected; keeping previous state
2026-06-18T02:06:58.106729627Z [err]  2026-06-18 02:06:58,104 - ERROR - Spectator API error 403: {"status":{"message":"Forbidden","status_code":403}}
2026-06-18T02:06:58.106734157Z [err]  2026-06-18 02:06:58,105 - WARNING - Spectator API transient error detected; keeping previous state
2026-06-18T02:07:03.137987446Z [err]  2026-06-18 02:07:03,135 - ERROR - Spectator API error 403: {"status":{"message":"Forbidden","status_code":403}}
2026-06-18T02:07:03.137989896Z [err]  2026-06-18 02:07:03,136 - WARNING - Spectator API transient error detected; keeping previous state
2026-06-18T02:07:08.192654918Z [err]  2026-06-18 02:07:08,190 - ERROR - Spectator API error 403: {"status":{"message":"Forbidden","status_code":403}}
2026-06-18T02:07:08.192658178Z [err]  2026-06-18 02:07:08,191 - WARNING - Spectator API transient error detected; keeping previous state
2026-06-18T02:07:13.233212333Z [err]  2026-06-18 02:07:13,228 - ERROR - Spectator API error 403: {"status":{"message":"Forbidden","status_code":403}}
2026-06-18T02:07:13.233216213Z [err]  2026-06-18 02:07:13,229 - WARNING - Spectator API transient error detected; keeping previous state
2026-06-18T02:07:18.268046472Z [err]  2026-06-18 02:07:18,264 - ERROR - Spectator API error 403: {"status":{"message":"Forbidden","status_code":403}}
2026-06-18T02:07:18.268048812Z [err]  2026-06-18 02:07:18,265 - WARNING - Spectator API transient error detected; keeping previous state
2026-06-18T02:07:23.305144109Z [err]  2026-06-18 02:07:23,303 - ERROR - Spectator API error 403: {"status":{"message":"Forbidden","status_code":403}}
2026-06-18T02:07:23.305670020Z [err]  2026-06-18 02:07:23,304 - WARNING - Spectator API transient error detected; keeping previous state
2026-06-18T02:07:28.346595850Z [err]  2026-06-18 02:07:28,345 - ERROR - Spectator API error 403: {"status":{"message":"Forbidden","status_code":403}}
2026-06-18T02:07:28.347909777Z [err]  2026-06-18 02:07:28,346 - WARNING - Spectator API transient error detected; keeping previous state
2026-06-18T02:07:33.384332509Z [err]  2026-06-18 02:07:33,380 - ERROR - Spectator API error 403: {"status":{"message":"Forbidden","status_code":403}}
2026-06-18T02:07:33.384335269Z [err]  2026-06-18 02:07:33,381 - WARNING - Spectator API transient error detected; keeping previous state
2026-06-18T02:07:38.431055672Z [err]  2026-06-18 02:07:38,429 - ERROR - Spectator API error 403: {"status":{"message":"Forbidden","status_code":403}}
2026-06-18T02:07:38.432197623Z [err]  2026-06-18 02:07:38,430 - WARNING - Spectator API transient error detected; keeping previous state
2026-06-18T02:07:43.469200185Z [err]  2026-06-18 02:07:43,468 - ERROR - Spectator API error 403: {"status":{"message":"Forbidden","status_code":403}}
2026-06-18T02:07:43.470095050Z [err]  2026-06-18 02:07:43,469 - WARNING - Spectator API transient error detected; keeping previous state
2026-06-18T02:07:48.511424954Z [err]  2026-06-18 02:07:48,507 - ERROR - Spectator API error 403: {"status":{"message":"Forbidden","status_code":403}}
2026-06-18T02:07:48.511428194Z [err]  2026-06-18 02:07:48,508 - WARNING - Spectator API transient error detected; keeping previous state
2026-06-18T02:07:53.548662893Z [err]  2026-06-18 02:07:53,546 - ERROR - Spectator API error 403: {"status":{"message":"Forbidden","status_code":403}}
2026-06-18T02:07:53.548666313Z [err]  2026-06-18 02:07:53,547 - WARNING - Spectator API transient error detected; keeping previous state
2026-06-18T02:07:58.586370859Z [err]  2026-06-18 02:07:58,583 - ERROR - Spectator API error 403: {"status":{"message":"Forbidden","status_code":403}}
2026-06-18T02:07:58.586374229Z [err]  2026-06-18 02:07:58,584 - WARNING - Spectator API transient error detected; keeping previous state
2026-06-18T02:08:03.700655682Z [err]  2026-06-18 02:08:03,631 - ERROR - Spectator API error 403: {"status":{"message":"Forbidden","status_code":403}}
2026-06-18T02:08:03.700659392Z [err]  2026-06-18 02:08:03,632 - WARNING - Spectator API transient error detected; keeping previous state
2026-06-18T02:08:08.713897158Z [err]  2026-06-18 02:08:08,674 - ERROR - Spectator API error 403: {"status":{"message":"Forbidden","status_code":403}}
2026-06-18T02:08:08.713908867Z [err]  2026-06-18 02:08:08,675 - WARNING - Spectator API transient error detected; keeping previous state
2026-06-18T02:08:13.745389679Z [err]  2026-06-18 02:08:13,712 - ERROR - Spectator API error 403: {"status":{"message":"Forbidden","status_code":403}}
2026-06-18T02:08:13.745393549Z [err]  2026-06-18 02:08:13,713 - WARNING - Spectator API transient error detected; keeping previous state
2026-06-18T02:08:18.749457225Z [err]  2026-06-18 02:08:18,748 - ERROR - Spectator API error 403: {"status":{"message":"Forbidden","status_code":403}}
2026-06-18T02:08:18.755240668Z [err]  2026-06-18 02:08:18,750 - WARNING - Spectator API transient error detected; keeping previous state
2026-06-18T02:08:23.779288352Z [err]  2026-06-18 02:08:23,778 - ERROR - Spectator API error 403: {"status":{"message":"Forbidden","status_code":403}}
2026-06-18T02:08:23.779887792Z [err]  2026-06-18 02:08:23,778 - WARNING - Spectator API transient error detected; keeping previous state
2026-06-18T02:08:28.782249552Z [err]  2026-06-18 02:08:28,781 - WARNING - Rate limit reached, waiting 19.2 seconds
2026-06-18T02:08:49.049270137Z [err]  2026-06-18 02:08:48,021 - ERROR - Spectator API error 403: {"status":{"message":"Forbidden","status_code":403}}
2026-06-18T02:08:49.049274147Z [err]  2026-06-18 02:08:48,022 - WARNING - Spectator API transient error detected; keeping previous state
2026-06-18T02:08:53.197791750Z [err]  2026-06-18 02:08:53,064 - ERROR - Spectator API error 403: {"status":{"message":"Forbidden","status_code":403}}
2026-06-18T02:08:53.197797560Z [err]  2026-06-18 02:08:53,066 - WARNING - Spectator API transient error detected; keeping previous state
2026-06-18T02:08:58.099407447Z [err]  2026-06-18 02:08:58,097 - ERROR - Spectator API error 403: {"status":{"message":"Forbidden","status_code":403}}
2026-06-18T02:08:58.099409977Z [err]  2026-06-18 02:08:58,098 - WARNING - Spectator API transient error detected; keeping previous state
2026-06-18T02:09:03.136686805Z [err]  2026-06-18 02:09:03,133 - ERROR - Spectator API error 403: {"status":{"message":"Forbidden","status_code":403}}
2026-06-18T02:09:03.136690745Z [err]  2026-06-18 02:09:03,134 - WARNING - Spectator API transient error detected; keeping previous state
2026-06-18T02:09:08.180640992Z [err]  2026-06-18 02:09:08,179 - ERROR - Spectator API error 403: {"status":{"message":"Forbidden","status_code":403}}
2026-06-18T02:09:08.180643682Z [err]  2026-06-18 02:09:08,179 - WARNING - Spectator API transient error detected; keeping previous state
2026-06-18T02:09:13.224112690Z [err]  2026-06-18 02:09:13,220 - ERROR - Spectator API error 403: {"status":{"message":"Forbidden","status_code":403}}
2026-06-18T02:09:13.224120800Z [err]  2026-06-18 02:09:13,221 - WARNING - Spectator API transient error detected; keeping previous state
2026-06-18T02:09:18.254391339Z [err]  2026-06-18 02:09:18,253 - ERROR - Spectator API error 403: {"status":{"message":"Forbidden","status_code":403}}
2026-06-18T02:09:18.255283334Z [err]  2026-06-18 02:09:18,254 - WARNING - Spectator API transient error detected; keeping previous state
2026-06-18T02:09:23.291224289Z [err]  2026-06-18 02:09:23,288 - ERROR - Spectator API error 403: {"status":{"message":"Forbidden","status_code":403}}
2026-06-18T02:09:23.291227729Z [err]  2026-06-18 02:09:23,289 - WARNING - Spectator API transient error detected; keeping previous state
2026-06-18T02:09:28.324226455Z [err]  2026-06-18 02:09:28,322 - ERROR - Spectator API error 403: {"status":{"message":"Forbidden","status_code":403}}
2026-06-18T02:09:28.325049531Z [err]  2026-06-18 02:09:28,324 - WARNING - Spectator API transient error detected; keeping previous state
2026-06-18T02:09:33.361409160Z [err]  2026-06-18 02:09:33,360 - ERROR - Spectator API error 403: {"status":{"message":"Forbidden","status_code":403}}
2026-06-18T02:09:33.362947124Z [err]  2026-06-18 02:09:33,361 - WARNING - Spectator API transient error detected; keeping previous state
2026-06-18T02:09:38.411454971Z [err]  2026-06-18 02:09:38,410 - ERROR - Spectator API error 403: {"status":{"message":"Forbidden","status_code":403}}
2026-06-18T02:09:38.412250918Z [err]  2026-06-18 02:09:38,411 - WARNING - Spectator API transient error detected; keeping previous state
2026-06-18T02:09:43.452996064Z [err]  2026-06-18 02:09:43,452 - ERROR - Spectator API error 403: {"status":{"message":"Forbidden","status_code":403}}
2026-06-18T02:09:43.454492389Z [err]  2026-06-18 02:09:43,453 - WARNING - Spectator API transient error detected; keeping previous state
2026-06-18T02:09:48.497942141Z [err]  2026-06-18 02:09:48,495 - ERROR - Spectator API error 403: {"status":{"message":"Forbidden","status_code":403}}
2026-06-18T02:09:48.497946081Z [err]  2026-06-18 02:09:48,496 - WARNING - Spectator API transient error detected; keeping previous state
2026-06-18T02:09:53.539624851Z [err]  2026-06-18 02:09:53,538 - WARNING - Spectator API transient error detected; keeping previous state
2026-06-18T02:09:53.539636101Z [err]  2026-06-18 02:09:53,537 - ERROR - Spectator API error 403: {"status":{"message":"Forbidden","status_code":403}}
2026-06-18T02:09:58.580331818Z [err]  2026-06-18 02:09:58,578 - ERROR - Spectator API error 403: {"status":{"message":"Forbidden","status_code":403}}
2026-06-18T02:09:58.580335088Z [err]  2026-06-18 02:09:58,579 - WARNING - Spectator API transient error detected; keeping previous state
2026-06-18T02:10:03.618633165Z [err]  2026-06-18 02:10:03,616 - ERROR - Spectator API error 403: {"status":{"message":"Forbidden","status_code":403}}
2026-06-18T02:10:03.618637235Z [err]  2026-06-18 02:10:03,617 - WARNING - Spectator API transient error detected; keeping previous state
2026-06-18T02:10:08.663537749Z [err]  2026-06-18 02:10:08,662 - ERROR - Spectator API error 403: {"status":{"message":"Forbidden","status_code":403}}
2026-06-18T02:10:08.664963605Z [err]  2026-06-18 02:10:08,663 - WARNING - Spectator API transient error detected; keeping previous state
2026-06-18T02:10:13.707198631Z [err]  2026-06-18 02:10:13,704 - ERROR - Spectator API error 403: {"status":{"message":"Forbidden","status_code":403}}
2026-06-18T02:10:13.707202811Z [err]  2026-06-18 02:10:13,705 - WARNING - Spectator API transient error detected; keeping previous state
2026-06-18T02:10:18.741808863Z [err]  2026-06-18 02:10:18,740 - ERROR - Spectator API error 403: {"status":{"message":"Forbidden","status_code":403}}
2026-06-18T02:10:18.744020046Z [err]  2026-06-18 02:10:18,742 - WARNING - Spectator API transient error detected; keeping previous state
2026-06-18T02:10:23.786802743Z [err]  2026-06-18 02:10:23,785 - ERROR - Spectator API error 403: {"status":{"message":"Forbidden","status_code":403}}
2026-06-18T02:10:23.787931764Z [err]  2026-06-18 02:10:23,786 - WARNING - Spectator API transient error detected; keeping previous state
2026-06-18T02:10:28.793452984Z [err]  2026-06-18 02:10:28,792 - WARNING - Rate limit reached, waiting 19.2 seconds
2026-06-18T02:10:48.793875578Z [err]  2026-06-18 02:10:48,025 - ERROR - Spectator API error 403: {"status":{"message":"Forbidden","status_code":403}}
2026-06-18T02:10:48.793878668Z [err]  2026-06-18 02:10:48,027 - WARNING - Spectator API transient error detected; keeping previous state
2026-06-18T02:10:53.077992746Z [err]  2026-06-18 02:10:53,076 - ERROR - Spectator API error 403: {"status":{"message":"Forbidden","status_code":403}}
2026-06-18T02:10:53.077996456Z [err]  2026-06-18 02:10:53,077 - WARNING - Spectator API transient error detected; keeping previous state
2026-06-18T02:10:58.117793643Z [err]  2026-06-18 02:10:58,117 - ERROR - Spectator API error 403: {"status":{"message":"Forbidden","status_code":403}}
2026-06-18T02:10:58.122101321Z [err]  2026-06-18 02:10:58,118 - WARNING - Spectator API transient error detected; keeping previous state
2026-06-18T02:11:03.158505544Z [err]  2026-06-18 02:11:03,152 - ERROR - Spectator API error 403: {"status":{"message":"Forbidden","status_code":403}}
2026-06-18T02:11:03.158508584Z [err]  2026-06-18 02:11:03,154 - WARNING - Spectator API transient error detected; keeping previous state
2026-06-18T02:11:08.190979991Z [err]  2026-06-18 02:11:08,190 - ERROR - Spectator API error 403: {"status":{"message":"Forbidden","status_code":403}}
2026-06-18T02:11:08.196210994Z [err]  2026-06-18 02:11:08,191 - WARNING - Spectator API transient error detected; keeping previous state
2026-06-18T02:11:13.231845456Z [err]  2026-06-18 02:11:13,230 - ERROR - Spectator API error 403: {"status":{"message":"Forbidden","status_code":403}}
2026-06-18T02:11:13.231849056Z [err]  2026-06-18 02:11:13,231 - WARNING - Spectator API transient error detected; keeping previous state
2026-06-18T02:11:18.275784148Z [err]  2026-06-18 02:11:18,272 - ERROR - Spectator API error 403: {"status":{"message":"Forbidden","status_code":403}}
2026-06-18T02:11:18.275787088Z [err]  2026-06-18 02:11:18,273 - WARNING - Spectator API transient error detected; keeping previous state
2026-06-18T02:11:23.306897031Z [err]  2026-06-18 02:11:23,304 - ERROR - Spectator API error 403: {"status":{"message":"Forbidden","status_code":403}}
2026-06-18T02:11:23.306905781Z [err]  2026-06-18 02:11:23,305 - WARNING - Spectator API transient error detected; keeping previous state
2026-06-18T02:11:28.343401232Z [err]  2026-06-18 02:11:28,341 - ERROR - Spectator API error 403: {"status":{"message":"Forbidden","status_code":403}}
2026-06-18T02:11:28.343406412Z [err]  2026-06-18 02:11:28,342 - WARNING - Spectator API transient error detected; keeping previous state
2026-06-18T02:11:33.378141121Z [err]  2026-06-18 02:11:33,377 - ERROR - Spectator API error 403: {"status":{"message":"Forbidden","status_code":403}}
2026-06-18T02:11:33.378767440Z [err]  2026-06-18 02:11:33,378 - WARNING - Spectator API transient error detected; keeping previous state
2026-06-18T02:11:38.423235403Z [err]  2026-06-18 02:11:38,421 - ERROR - Spectator API error 403: {"status":{"message":"Forbidden","status_code":403}}
2026-06-18T02:11:38.423239313Z [err]  2026-06-18 02:11:38,422 - WARNING - Spectator API transient error detected; keeping previous state
2026-06-18T02:11:43.462833235Z [err]  2026-06-18 02:11:43,462 - ERROR - Spectator API error 403: {"status":{"message":"Forbidden","status_code":403}}
2026-06-18T02:11:43.463978146Z [err]  2026-06-18 02:11:43,463 - WARNING - Spectator API transient error detected; keeping previous state
2026-06-18T02:11:48.531610866Z [err]  2026-06-18 02:11:48,528 - ERROR - Spectator API error 403: {"status":{"message":"Forbidden","status_code":403}}
2026-06-18T02:11:48.532506031Z [err]  2026-06-18 02:11:48,531 - WARNING - Spectator API transient error detected; keeping previous state
2026-06-18T02:11:53.571723353Z [err]  2026-06-18 02:11:53,570 - ERROR - Spectator API error 403: {"status":{"message":"Forbidden","status_code":403}}
2026-06-18T02:11:53.572180555Z [err]  2026-06-18 02:11:53,571 - WARNING - Spectator API transient error detected; keeping previous state
2026-06-18T02:11:58.608272636Z [err]  2026-06-18 02:11:58,606 - ERROR - Spectator API error 403: {"status":{"message":"Forbidden","status_code":403}}
2026-06-18T02:11:58.608275436Z [err]  2026-06-18 02:11:58,607 - WARNING - Spectator API transient error detected; keeping previous state
2026-06-18T02:12:03.657991545Z [err]  2026-06-18 02:12:03,656 - ERROR - Spectator API error 403: {"status":{"message":"Forbidden","status_code":403}}
2026-06-18T02:12:03.659260524Z [err]  2026-06-18 02:12:03,658 - WARNING - Spectator API transient error detected; keeping previous state
2026-06-18T02:12:08.700307425Z [err]  2026-06-18 02:12:08,697 - ERROR - Spectator API error 403: {"status":{"message":"Forbidden","status_code":403}}
2026-06-18T02:12:08.700309615Z [err]  2026-06-18 02:12:08,698 - WARNING - Spectator API transient error detected; keeping previous state
2026-06-18T02:12:13.735294972Z [err]  2026-06-18 02:12:13,733 - ERROR - Spectator API error 403: {"status":{"message":"Forbidden","status_code":403}}
2026-06-18T02:12:13.736540201Z [err]  2026-06-18 02:12:13,734 - WARNING - Spectator API transient error detected; keeping previous state
2026-06-18T02:12:18.771561225Z [err]  2026-06-18 02:12:18,768 - ERROR - Spectator API error 403: {"status":{"message":"Forbidden","status_code":403}}
2026-06-18T02:12:18.771564655Z [err]  2026-06-18 02:12:18,769 - WARNING - Spectator API transient error detected; keeping previous state
2026-06-18T02:12:23.817515031Z [err]  2026-06-18 02:12:23,816 - ERROR - Spectator API error 403: {"status":{"message":"Forbidden","status_code":403}}
2026-06-18T02:12:23.818934847Z [err]  2026-06-18 02:12:23,818 - WARNING - Spectator API transient error detected; keeping previous state
2026-06-18T02:12:28.825121573Z [err]  2026-06-18 02:12:28,823 - WARNING - Rate limit reached, waiting 19.2 seconds
2026-06-18T02:12:48.827379878Z [err]  2026-06-18 02:12:48,018 - ERROR - Spectator API error 403: {"status":{"message":"Forbidden","status_code":403}}
2026-06-18T02:12:48.827382878Z [err]  2026-06-18 02:12:48,019 - WARNING - Spectator API transient error detected; keeping previous state
2026-06-18T02:12:53.093719591Z [err]  2026-06-18 02:12:53,057 - ERROR - Spectator API error 403: {"status":{"message":"Forbidden","status_code":403}}
2026-06-18T02:12:53.093723271Z [err]  2026-06-18 02:12:53,058 - WARNING - Spectator API transient error detected; keeping previous state
2026-06-18T02:12:58.096389622Z [err]  2026-06-18 02:12:58,095 - ERROR - Spectator API error 403: {"status":{"message":"Forbidden","status_code":403}}
2026-06-18T02:12:58.096843735Z [err]  2026-06-18 02:12:58,095 - WARNING - Spectator API transient error detected; keeping previous state
2026-06-18T02:13:03.133074231Z [err]  2026-06-18 02:13:03,131 - ERROR - Spectator API error 403: {"status":{"message":"Forbidden","status_code":403}}
2026-06-18T02:13:03.133076611Z [err]  2026-06-18 02:13:03,132 - WARNING - Spectator API transient error detected; keeping previous state
2026-06-18T02:13:08.171186041Z [err]  2026-06-18 02:13:08,170 - ERROR - Spectator API error 403: {"status":{"message":"Forbidden","status_code":403}}
2026-06-18T02:13:08.173467774Z [err]  2026-06-18 02:13:08,171 - WARNING - Spectator API transient error detected; keeping previous state
2026-06-18T02:13:13.212815338Z [err]  2026-06-18 02:13:13,209 - ERROR - Spectator API error 403: {"status":{"message":"Forbidden","status_code":403}}
2026-06-18T02:13:13.212818788Z [err]  2026-06-18 02:13:13,210 - WARNING - Spectator API transient error detected; keeping previous state
2026-06-18T02:13:18.252053028Z [err]  2026-06-18 02:13:18,248 - ERROR - Spectator API error 403: {"status":{"message":"Forbidden","status_code":403}}
2026-06-18T02:13:18.252055248Z [err]  2026-06-18 02:13:18,251 - WARNING - Spectator API transient error detected; keeping previous state
2026-06-18T02:13:23.287325708Z [err]  2026-06-18 02:13:23,286 - ERROR - Spectator API error 403: {"status":{"message":"Forbidden","status_code":403}}
2026-06-18T02:13:23.288232233Z [err]  2026-06-18 02:13:23,287 - WARNING - Spectator API transient error detected; keeping previous state
2026-06-18T02:13:28.324251864Z [err]  2026-06-18 02:13:28,322 - ERROR - Spectator API error 403: {"status":{"message":"Forbidden","status_code":403}}
2026-06-18T02:13:28.324673087Z [err]  2026-06-18 02:13:28,323 - WARNING - Spectator API transient error detected; keeping previous state
2026-06-18T02:13:33.360574365Z [err]  2026-06-18 02:13:33,359 - ERROR - Spectator API error 403: {"status":{"message":"Forbidden","status_code":403}}
2026-06-18T02:13:33.361452510Z [err]  2026-06-18 02:13:33,360 - WARNING - Spectator API transient error detected; keeping previous state
2026-06-18T02:13:38.393167321Z [err]  2026-06-18 02:13:38,392 - ERROR - Spectator API error 403: {"status":{"message":"Forbidden","status_code":403}}
2026-06-18T02:13:38.394420321Z [err]  2026-06-18 02:13:38,392 - WARNING - Spectator API transient error detected; keeping previous state
2026-06-18T02:13:43.435732815Z [err]  2026-06-18 02:13:43,432 - ERROR - Spectator API error 403: {"status":{"message":"Forbidden","status_code":403}}
2026-06-18T02:13:43.435735715Z [err]  2026-06-18 02:13:43,433 - WARNING - Spectator API transient error detected; keeping previous state
2026-06-18T02:13:48.474606344Z [err]  2026-06-18 02:13:48,474 - ERROR - Spectator API error 403: {"status":{"message":"Forbidden","status_code":403}}
2026-06-18T02:13:48.480993487Z [err]  2026-06-18 02:13:48,475 - WARNING - Spectator API transient error detected; keeping previous state
2026-06-18T02:13:53.516778280Z [err]  2026-06-18 02:13:53,512 - ERROR - Spectator API error 403: {"status":{"message":"Forbidden","status_code":403}}
2026-06-18T02:13:53.516781760Z [err]  2026-06-18 02:13:53,513 - WARNING - Spectator API transient error detected; keeping previous state
2026-06-18T02:13:58.562618690Z [err]  2026-06-18 02:13:58,560 - ERROR - Spectator API error 403: {"status":{"message":"Forbidden","status_code":403}}
2026-06-18T02:13:58.562621600Z [err]  2026-06-18 02:13:58,561 - WARNING - Spectator API transient error detected; keeping previous state
2026-06-18T02:14:03.599950474Z [err]  2026-06-18 02:14:03,598 - ERROR - Spectator API error 403: {"status":{"message":"Forbidden","status_code":403}}
2026-06-18T02:14:03.601261352Z [err]  2026-06-18 02:14:03,599 - WARNING - Spectator API transient error detected; keeping previous state
2026-06-18T02:14:08.637633794Z [err]  2026-06-18 02:14:08,636 - ERROR - Spectator API error 403: {"status":{"message":"Forbidden","status_code":403}}
2026-06-18T02:14:08.637638884Z [err]  2026-06-18 02:14:08,637 - WARNING - Spectator API transient error detected; keeping previous state
2026-06-18T02:14:13.684820310Z [err]  2026-06-18 02:14:13,681 - ERROR - Spectator API error 403: {"status":{"message":"Forbidden","status_code":403}}
2026-06-18T02:14:13.684822730Z [err]  2026-06-18 02:14:13,682 - WARNING - Spectator API transient error detected; keeping previous state
2026-06-18T02:14:18.725335748Z [err]  2026-06-18 02:14:18,723 - ERROR - Spectator API error 403: {"status":{"message":"Forbidden","status_code":403}}
2026-06-18T02:14:18.725339248Z [err]  2026-06-18 02:14:18,724 - WARNING - Spectator API transient error detected; keeping previous state
2026-06-18T02:14:23.764695399Z [err]  2026-06-18 02:14:23,761 - ERROR - Spectator API error 403: {"status":{"message":"Forbidden","status_code":403}}
2026-06-18T02:14:23.764698529Z [err]  2026-06-18 02:14:23,762 - WARNING - Spectator API transient error detected; keeping previous state
2026-06-18T02:14:28.772779462Z [err]  2026-06-18 02:14:28,765 - WARNING - Rate limit reached, waiting 19.2 seconds
2026-06-18T02:14:48.773076481Z [err]  2026-06-18 02:14:48,024 - ERROR - Spectator API error 403: {"status":{"message":"Forbidden","status_code":403}}
2026-06-18T02:14:48.773080541Z [err]  2026-06-18 02:14:48,025 - WARNING - Spectator API transient error detected; keeping previous state
2026-06-18T02:14:53.063645899Z [err]  2026-06-18 02:14:53,061 - ERROR - Spectator API error 403: {"status":{"message":"Forbidden","status_code":403}}
2026-06-18T02:14:53.063650139Z [err]  2026-06-18 02:14:53,062 - WARNING - Spectator API transient error detected; keeping previous state
2026-06-18T02:14:58.111930613Z [err]  2026-06-18 02:14:58,107 - ERROR - Spectator API error 403: {"status":{"message":"Forbidden","status_code":403}}
2026-06-18T02:14:58.111933473Z [err]  2026-06-18 02:14:58,108 - WARNING - Spectator API transient error detected; keeping previous state
2026-06-18T02:15:03.144608470Z [err]  2026-06-18 02:15:03,141 - ERROR - Spectator API error 403: {"status":{"message":"Forbidden","status_code":403}}
2026-06-18T02:15:03.144613220Z [err]  2026-06-18 02:15:03,142 - WARNING - Spectator API transient error detected; keeping previous state
2026-06-18T02:15:08.186509594Z [err]  2026-06-18 02:15:08,184 - ERROR - Spectator API error 403: {"status":{"message":"Forbidden","status_code":403}}
2026-06-18T02:15:08.187222902Z [err]  2026-06-18 02:15:08,186 - WARNING - Spectator API transient error detected; keeping previous state
2026-06-18T02:15:13.294283007Z [err]  2026-06-18 02:15:13,224 - ERROR - Spectator API error 403: {"status":{"message":"Forbidden","status_code":403}}
2026-06-18T02:15:13.294285577Z [err]  2026-06-18 02:15:13,225 - WARNING - Spectator API transient error detected; keeping previous state
2026-06-18T02:15:18.321851812Z [err]  2026-06-18 02:15:18,260 - ERROR - Spectator API error 403: {"status":{"message":"Forbidden","status_code":403}}
2026-06-18T02:15:18.321854342Z [err]  2026-06-18 02:15:18,262 - WARNING - Spectator API transient error detected; keeping previous state
2026-06-18T02:15:23.304885195Z [err]  2026-06-18 02:15:23,299 - ERROR - Spectator API error 403: {"status":{"message":"Forbidden","status_code":403}}
2026-06-18T02:15:23.304889995Z [err]  2026-06-18 02:15:23,300 - WARNING - Spectator API transient error detected; keeping previous state
2026-06-18T02:15:28.345097882Z [err]  2026-06-18 02:15:28,342 - ERROR - Spectator API error 403: {"status":{"message":"Forbidden","status_code":403}}
2026-06-18T02:15:28.345101062Z [err]  2026-06-18 02:15:28,343 - WARNING - Spectator API transient error detected; keeping previous state
2026-06-18T02:15:33.379395808Z [err]  2026-06-18 02:15:33,377 - ERROR - Spectator API error 403: {"status":{"message":"Forbidden","status_code":403}}
2026-06-18T02:15:33.379400978Z [err]  2026-06-18 02:15:33,378 - WARNING - Spectator API transient error detected; keeping previous state
2026-06-18T02:15:38.416249431Z [err]  2026-06-18 02:15:38,414 - ERROR - Spectator API error 403: {"status":{"message":"Forbidden","status_code":403}}
2026-06-18T02:15:38.416252781Z [err]  2026-06-18 02:15:38,415 - WARNING - Spectator API transient error detected; keeping previous state
2026-06-18T02:15:43.453176535Z [err]  2026-06-18 02:15:43,452 - ERROR - Spectator API error 403: {"status":{"message":"Forbidden","status_code":403}}
2026-06-18T02:15:43.454350946Z [err]  2026-06-18 02:15:43,453 - WARNING - Spectator API transient error detected; keeping previous state
2026-06-18T02:15:48.492195184Z [err]  2026-06-18 02:15:48,491 - ERROR - Spectator API error 403: {"status":{"message":"Forbidden","status_code":403}}
2026-06-18T02:15:48.497520796Z [err]  2026-06-18 02:15:48,496 - WARNING - Spectator API transient error detected; keeping previous state
2026-06-18T02:15:53.529481274Z [err]  2026-06-18 02:15:53,527 - ERROR - Spectator API error 403: {"status":{"message":"Forbidden","status_code":403}}
2026-06-18T02:15:53.529484394Z [err]  2026-06-18 02:15:53,527 - WARNING - Spectator API transient error detected; keeping previous state
2026-06-18T02:15:58.585461723Z [err]  2026-06-18 02:15:58,583 - ERROR - Spectator API error 403: {"status":{"message":"Forbidden","status_code":403}}
2026-06-18T02:15:58.585465923Z [err]  2026-06-18 02:15:58,584 - WARNING - Spectator API transient error detected; keeping previous state
2026-06-18T02:16:03.624091950Z [err]  2026-06-18 02:16:03,622 - ERROR - Spectator API error 403: {"status":{"message":"Forbidden","status_code":403}}
2026-06-18T02:16:03.624948236Z [err]  2026-06-18 02:16:03,623 - WARNING - Spectator API transient error detected; keeping previous state
2026-06-18T02:16:08.675817442Z [err]  2026-06-18 02:16:08,674 - ERROR - Spectator API error 403: {"status":{"message":"Forbidden","status_code":403}}
2026-06-18T02:16:08.677890227Z [err]  2026-06-18 02:16:08,675 - WARNING - Spectator API transient error detected; keeping previous state
2026-06-18T02:16:13.712798746Z [err]  2026-06-18 02:16:13,710 - ERROR - Spectator API error 403: {"status":{"message":"Forbidden","status_code":403}}
2026-06-18T02:16:13.712804526Z [err]  2026-06-18 02:16:13,711 - WARNING - Spectator API transient error detected; keeping previous state
2026-06-18T02:16:18.746692152Z [err]  2026-06-18 02:16:18,743 - ERROR - Spectator API error 403: {"status":{"message":"Forbidden","status_code":403}}
2026-06-18T02:16:18.746696612Z [err]  2026-06-18 02:16:18,744 - WARNING - Spectator API transient error detected; keeping previous state
2026-06-18T02:16:23.788654184Z [err]  2026-06-18 02:16:23,786 - ERROR - Spectator API error 403: {"status":{"message":"Forbidden","status_code":403}}
2026-06-18T02:16:23.788656834Z [err]  2026-06-18 02:16:23,787 - WARNING - Spectator API transient error detected; keeping previous state
2026-06-18T02:16:28.795040685Z [err]  2026-06-18 02:16:28,791 - WARNING - Rate limit reached, waiting 19.2 seconds
2026-06-18T02:16:49.179264742Z [err]  2026-06-18 02:16:48,021 - ERROR - Spectator API error 403: {"status":{"message":"Forbidden","status_code":403}}
2026-06-18T02:16:49.179270072Z [err]  2026-06-18 02:16:48,022 - WARNING - Spectator API transient error detected; keeping previous state
2026-06-18T02:16:53.071699514Z [err]  2026-06-18 02:16:53,069 - ERROR - Spectator API error 403: {"status":{"message":"Forbidden","status_code":403}}
2026-06-18T02:16:53.071703084Z [err]  2026-06-18 02:16:53,070 - WARNING - Spectator API transient error detected; keeping previous state
2026-06-18T02:16:58.107646652Z [err]  2026-06-18 02:16:58,105 - ERROR - Spectator API error 403: {"status":{"message":"Forbidden","status_code":403}}
2026-06-18T02:16:58.107649552Z [err]  2026-06-18 02:16:58,106 - WARNING - Spectator API transient error detected; keeping previous state
2026-06-18T02:17:03.141261245Z [err]  2026-06-18 02:17:03,140 - ERROR - Spectator API error 403: {"status":{"message":"Forbidden","status_code":403}}
2026-06-18T02:17:03.147318345Z [err]  2026-06-18 02:17:03,141 - WARNING - Spectator API transient error detected; keeping previous state
2026-06-18T02:17:08.182732669Z [err]  2026-06-18 02:17:08,178 - ERROR - Spectator API error 403: {"status":{"message":"Forbidden","status_code":403}}
2026-06-18T02:17:08.182736349Z [err]  2026-06-18 02:17:08,179 - WARNING - Spectator API transient error detected; keeping previous state
2026-06-18T02:17:13.222170906Z [err]  2026-06-18 02:17:13,220 - ERROR - Spectator API error 403: {"status":{"message":"Forbidden","status_code":403}}
2026-06-18T02:17:13.222174546Z [err]  2026-06-18 02:17:13,221 - WARNING - Spectator API transient error detected; keeping previous state
2026-06-18T02:17:18.256975447Z [err]  2026-06-18 02:17:18,255 - ERROR - Spectator API error 403: {"status":{"message":"Forbidden","status_code":403}}
2026-06-18T02:17:18.258084559Z [err]  2026-06-18 02:17:18,256 - WARNING - Spectator API transient error detected; keeping previous state
2026-06-18T02:17:23.293604218Z [err]  2026-06-18 02:17:23,292 - ERROR - Spectator API error 403: {"status":{"message":"Forbidden","status_code":403}}
2026-06-18T02:17:23.294742129Z [err]  2026-06-18 02:17:23,293 - WARNING - Spectator API transient error detected; keeping previous state
2026-06-18T02:17:28.336595091Z [err]  2026-06-18 02:17:28,334 - ERROR - Spectator API error 403: {"status":{"message":"Forbidden","status_code":403}}
2026-06-18T02:17:28.336597681Z [err]  2026-06-18 02:17:28,335 - WARNING - Spectator API transient error detected; keeping previous state
2026-06-18T02:17:33.383383012Z [err]  2026-06-18 02:17:33,382 - ERROR - Spectator API error 403: {"status":{"message":"Forbidden","status_code":403}}
2026-06-18T02:17:33.386173165Z [err]  2026-06-18 02:17:33,384 - WARNING - Spectator API transient error detected; keeping previous state
2026-06-18T02:17:38.495312205Z [err]  2026-06-18 02:17:38,421 - ERROR - Spectator API error 403: {"status":{"message":"Forbidden","status_code":403}}
2026-06-18T02:17:38.495314594Z [err]  2026-06-18 02:17:38,423 - WARNING - Spectator API transient error detected; keeping previous state
2026-06-18T02:17:43.512242384Z [err]  2026-06-18 02:17:43,458 - ERROR - Spectator API error 403: {"status":{"message":"Forbidden","status_code":403}}
2026-06-18T02:17:43.512246104Z [err]  2026-06-18 02:17:43,459 - WARNING - Spectator API transient error detected; keeping previous state
2026-06-18T02:17:48.502377365Z [err]  2026-06-18 02:17:48,490 - ERROR - Spectator API error 403: {"status":{"message":"Forbidden","status_code":403}}
2026-06-18T02:17:48.502379965Z [err]  2026-06-18 02:17:48,491 - WARNING - Spectator API transient error detected; keeping previous state
2026-06-18T02:17:53.523954765Z [err]  2026-06-18 02:17:53,522 - ERROR - Spectator API error 403: {"status":{"message":"Forbidden","status_code":403}}
2026-06-18T02:17:53.523960985Z [err]  2026-06-18 02:17:53,523 - WARNING - Spectator API transient error detected; keeping previous state
2026-06-18T02:17:58.561042607Z [err]  2026-06-18 02:17:58,558 - ERROR - Spectator API error 403: {"status":{"message":"Forbidden","status_code":403}}
2026-06-18T02:17:58.561046017Z [err]  2026-06-18 02:17:58,559 - WARNING - Spectator API transient error detected; keeping previous state
2026-06-18T02:18:03.604148599Z [err]  2026-06-18 02:18:03,602 - ERROR - Spectator API error 403: {"status":{"message":"Forbidden","status_code":403}}
2026-06-18T02:18:03.604779288Z [err]  2026-06-18 02:18:03,603 - WARNING - Spectator API transient error detected; keeping previous state
2026-06-18T02:18:08.643954921Z [err]  2026-06-18 02:18:08,643 - ERROR - Spectator API error 403: {"status":{"message":"Forbidden","status_code":403}}
2026-06-18T02:18:08.644889486Z [err]  2026-06-18 02:18:08,643 - WARNING - Spectator API transient error detected; keeping previous state
2026-06-18T02:18:13.685747500Z [err]  2026-06-18 02:18:13,684 - ERROR - Spectator API error 403: {"status":{"message":"Forbidden","status_code":403}}
2026-06-18T02:18:13.686587107Z [err]  2026-06-18 02:18:13,685 - WARNING - Spectator API transient error detected; keeping previous state
2026-06-18T02:18:18.719427710Z [err]  2026-06-18 02:18:18,716 - ERROR - Spectator API error 403: {"status":{"message":"Forbidden","status_code":403}}
2026-06-18T02:18:18.719430030Z [err]  2026-06-18 02:18:18,717 - WARNING - Spectator API transient error detected; keeping previous state
2026-06-18T02:18:23.755025756Z [err]  2026-06-18 02:18:23,751 - ERROR - Spectator API error 403: {"status":{"message":"Forbidden","status_code":403}}
2026-06-18T02:18:23.755029276Z [err]  2026-06-18 02:18:23,753 - WARNING - Spectator API transient error detected; keeping previous state
2026-06-18T02:18:28.760353460Z [err]  2026-06-18 02:18:28,756 - WARNING - Rate limit reached, waiting 19.2 seconds
2026-06-18T02:18:48.764979555Z [err]  2026-06-18 02:18:48,037 - ERROR - Spectator API error 403: {"status":{"message":"Forbidden","status_code":403}}
2026-06-18T02:18:48.764986655Z [err]  2026-06-18 02:18:48,038 - WARNING - Spectator API transient error detected; keeping previous state
2026-06-18T02:18:53.095094681Z [err]  2026-06-18 02:18:53,086 - ERROR - Spectator API error 403: {"status":{"message":"Forbidden","status_code":403}}
2026-06-18T02:18:53.095098081Z [err]  2026-06-18 02:18:53,087 - WARNING - Spectator API transient error detected; keeping previous state
2026-06-18T02:18:58.129074305Z [err]  2026-06-18 02:18:58,125 - ERROR - Spectator API error 403: {"status":{"message":"Forbidden","status_code":403}}
2026-06-18T02:18:58.129078525Z [err]  2026-06-18 02:18:58,126 - WARNING - Spectator API transient error detected; keeping previous state
2026-06-18T02:19:03.160058527Z [err]  2026-06-18 02:19:03,158 - ERROR - Spectator API error 403: {"status":{"message":"Forbidden","status_code":403}}
2026-06-18T02:19:03.161477933Z [err]  2026-06-18 02:19:03,159 - WARNING - Spectator API transient error detected; keeping previous state
2026-06-18T02:19:08.193195560Z [err]  2026-06-18 02:19:08,191 - ERROR - Spectator API error 403: {"status":{"message":"Forbidden","status_code":403}}
2026-06-18T02:19:08.193199390Z [err]  2026-06-18 02:19:08,191 - WARNING - Spectator API transient error detected; keeping previous state
2026-06-18T02:19:13.230501901Z [err]  2026-06-18 02:19:13,229 - ERROR - Spectator API error 403: {"status":{"message":"Forbidden","status_code":403}}
2026-06-18T02:19:13.231867508Z [err]  2026-06-18 02:19:13,230 - WARNING - Spectator API transient error detected; keeping previous state
2026-06-18T02:19:18.268947101Z [err]  2026-06-18 02:19:18,264 - ERROR - Spectator API error 403: {"status":{"message":"Forbidden","status_code":403}}
2026-06-18T02:19:18.268950591Z [err]  2026-06-18 02:19:18,265 - WARNING - Spectator API transient error detected; keeping previous state
2026-06-18T02:19:23.312046110Z [err]  2026-06-18 02:19:23,310 - ERROR - Spectator API error 403: {"status":{"message":"Forbidden","status_code":403}}
2026-06-18T02:19:23.312730999Z [err]  2026-06-18 02:19:23,311 - WARNING - Spectator API transient error detected; keeping previous state
2026-06-18T02:19:28.351491777Z [err]  2026-06-18 02:19:28,348 - ERROR - Spectator API error 403: {"status":{"message":"Forbidden","status_code":403}}
2026-06-18T02:19:28.351494567Z [err]  2026-06-18 02:19:28,350 - WARNING - Spectator API transient error detected; keeping previous state
2026-06-18T02:19:33.391608850Z [err]  2026-06-18 02:19:33,390 - ERROR - Spectator API error 403: {"status":{"message":"Forbidden","status_code":403}}
2026-06-18T02:19:33.392179950Z [err]  2026-06-18 02:19:33,391 - WARNING - Spectator API transient error detected; keeping previous state
2026-06-18T02:19:38.428184508Z [err]  2026-06-18 02:19:38,425 - ERROR - Spectator API error 403: {"status":{"message":"Forbidden","status_code":403}}
2026-06-18T02:19:38.428191887Z [err]  2026-06-18 02:19:38,426 - WARNING - Spectator API transient error detected; keeping previous state
2026-06-18T02:19:43.468786896Z [err]  2026-06-18 02:19:43,467 - ERROR - Spectator API error 403: {"status":{"message":"Forbidden","status_code":403}}
2026-06-18T02:19:43.468792086Z [err]  2026-06-18 02:19:43,467 - WARNING - Spectator API transient error detected; keeping previous state
2026-06-18T02:19:48.497379478Z [err]  2026-06-18 02:19:48,496 - ERROR - Spectator API error 403: {"status":{"message":"Forbidden","status_code":403}}
2026-06-18T02:19:48.497862920Z [err]  2026-06-18 02:19:48,496 - WARNING - Spectator API transient error detected; keeping previous state
2026-06-18T02:19:53.535400652Z [err]  2026-06-18 02:19:53,534 - ERROR - Spectator API error 403: {"status":{"message":"Forbidden","status_code":403}}
2026-06-18T02:19:53.536564383Z [err]  2026-06-18 02:19:53,535 - WARNING - Spectator API transient error detected; keeping previous state
2026-06-18T02:19:58.584555259Z [err]  2026-06-18 02:19:58,582 - ERROR - Spectator API error 403: {"status":{"message":"Forbidden","status_code":403}}
2026-06-18T02:19:58.584560939Z [err]  2026-06-18 02:19:58,583 - WARNING - Spectator API transient error detected; keeping previous state
2026-06-18T02:20:03.622064845Z [err]  2026-06-18 02:20:03,621 - ERROR - Spectator API error 403: {"status":{"message":"Forbidden","status_code":403}}
2026-06-18T02:20:03.624580823Z [err]  2026-06-18 02:20:03,622 - WARNING - Spectator API transient error detected; keeping previous state
2026-06-18T02:20:08.744191883Z [err]  2026-06-18 02:20:08,659 - ERROR - Spectator API error 403: {"status":{"message":"Forbidden","status_code":403}}
2026-06-18T02:20:08.744197583Z [err]  2026-06-18 02:20:08,659 - WARNING - Spectator API transient error detected; keeping previous state
2026-06-18T02:20:13.727636691Z [err]  2026-06-18 02:20:13,710 - ERROR - Spectator API error 403: {"status":{"message":"Forbidden","status_code":403}}
2026-06-18T02:20:13.727639651Z [err]  2026-06-18 02:20:13,710 - WARNING - Spectator API transient error detected; keeping previous state
2026-06-18T02:20:18.747744322Z [err]  2026-06-18 02:20:18,743 - ERROR - Spectator API error 403: {"status":{"message":"Forbidden","status_code":403}}
2026-06-18T02:20:18.747749612Z [err]  2026-06-18 02:20:18,744 - WARNING - Spectator API transient error detected; keeping previous state
2026-06-18T02:20:23.778112169Z [err]  2026-06-18 02:20:23,777 - ERROR - Spectator API error 403: {"status":{"message":"Forbidden","status_code":403}}
2026-06-18T02:20:23.779646564Z [err]  2026-06-18 02:20:23,778 - WARNING - Spectator API transient error detected; keeping previous state
2026-06-18T02:20:28.785314285Z [err]  2026-06-18 02:20:28,783 - WARNING - Rate limit reached, waiting 19.2 seconds
2026-06-18T02:20:48.880804469Z [err]  2026-06-18 02:20:48,020 - ERROR - Spectator API error 403: {"status":{"message":"Forbidden","status_code":403}}
2026-06-18T02:20:48.880808949Z [err]  2026-06-18 02:20:48,021 - WARNING - Spectator API transient error detected; keeping previous state
2026-06-18T02:20:53.056834506Z [err]  2026-06-18 02:20:53,056 - ERROR - Spectator API error 403: {"status":{"message":"Forbidden","status_code":403}}
2026-06-18T02:20:53.061166005Z [err]  2026-06-18 02:20:53,057 - WARNING - Spectator API transient error detected; keeping previous state
2026-06-18T02:20:58.097243860Z [err]  2026-06-18 02:20:58,096 - ERROR - Spectator API error 403: {"status":{"message":"Forbidden","status_code":403}}
2026-06-18T02:20:58.101542329Z [err]  2026-06-18 02:20:58,097 - WARNING - Spectator API transient error detected; keeping previous state
2026-06-18T02:21:03.132396545Z [err]  2026-06-18 02:21:03,131 - ERROR - Spectator API error 403: {"status":{"message":"Forbidden","status_code":403}}
2026-06-18T02:21:03.133821781Z [err]  2026-06-18 02:21:03,132 - WARNING - Spectator API transient error detected; keeping previous state
2026-06-18T02:21:08.168292844Z [err]  2026-06-18 02:21:08,167 - ERROR - Spectator API error 403: {"status":{"message":"Forbidden","status_code":403}}
2026-06-18T02:21:08.169488115Z [err]  2026-06-18 02:21:08,168 - WARNING - Spectator API transient error detected; keeping previous state
2026-06-18T02:21:13.214310502Z [err]  2026-06-18 02:21:13,208 - ERROR - Spectator API error 403: {"status":{"message":"Forbidden","status_code":403}}
2026-06-18T02:21:13.214314252Z [err]  2026-06-18 02:21:13,209 - WARNING - Spectator API transient error detected; keeping previous state
2026-06-18T02:21:18.247403728Z [err]  2026-06-18 02:21:18,246 - ERROR - Spectator API error 403: {"status":{"message":"Forbidden","status_code":403}}
2026-06-18T02:21:18.248342303Z [err]  2026-06-18 02:21:18,247 - WARNING - Spectator API transient error detected; keeping previous state
2026-06-18T02:21:23.279827171Z [err]  2026-06-18 02:21:23,279 - ERROR - Spectator API error 403: {"status":{"message":"Forbidden","status_code":403}}
2026-06-18T02:21:23.281062461Z [err]  2026-06-18 02:21:23,280 - WARNING - Spectator API transient error detected; keeping previous state
2026-06-18T02:21:28.329211030Z [err]  2026-06-18 02:21:28,324 - ERROR - Spectator API error 403: {"status":{"message":"Forbidden","status_code":403}}
2026-06-18T02:21:28.329214770Z [err]  2026-06-18 02:21:28,325 - WARNING - Spectator API transient error detected; keeping previous state
2026-06-18T02:21:33.360707219Z [err]  2026-06-18 02:21:33,358 - ERROR - Spectator API error 403: {"status":{"message":"Forbidden","status_code":403}}
2026-06-18T02:21:33.360710909Z [err]  2026-06-18 02:21:33,359 - WARNING - Spectator API transient error detected; keeping previous state
2026-06-18T02:21:38.403179304Z [err]  2026-06-18 02:21:38,399 - ERROR - Spectator API error 403: {"status":{"message":"Forbidden","status_code":403}}
2026-06-18T02:21:38.403182164Z [err]  2026-06-18 02:21:38,400 - WARNING - Spectator API transient error detected; keeping previous state
2026-06-18T02:21:43.433612930Z [err]  2026-06-18 02:21:43,432 - ERROR - Spectator API error 403: {"status":{"message":"Forbidden","status_code":403}}
2026-06-18T02:21:43.434322549Z [err]  2026-06-18 02:21:43,433 - WARNING - Spectator API transient error detected; keeping previous state
2026-06-18T02:21:48.467129832Z [err]  2026-06-18 02:21:48,463 - ERROR - Spectator API error 403: {"status":{"message":"Forbidden","status_code":403}}
2026-06-18T02:21:48.467132692Z [err]  2026-06-18 02:21:48,464 - WARNING - Spectator API transient error detected; keeping previous state
2026-06-18T02:21:53.536214873Z [err]  2026-06-18 02:21:53,532 - ERROR - Spectator API error 403: {"status":{"message":"Forbidden","status_code":403}}
2026-06-18T02:21:53.536221303Z [err]  2026-06-18 02:21:53,534 - WARNING - Spectator API transient error detected; keeping previous state
2026-06-18T02:21:58.575220615Z [err]  2026-06-18 02:21:58,573 - ERROR - Spectator API error 403: {"status":{"message":"Forbidden","status_code":403}}
2026-06-18T02:21:58.575996492Z [err]  2026-06-18 02:21:58,574 - WARNING - Spectator API transient error detected; keeping previous state
2026-06-18T02:22:03.607396903Z [err]  2026-06-18 02:22:03,606 - ERROR - Spectator API error 403: {"status":{"message":"Forbidden","status_code":403}}
2026-06-18T02:22:03.608261579Z [err]  2026-06-18 02:22:03,607 - WARNING - Spectator API transient error detected; keeping previous state
2026-06-18T02:22:08.648371153Z [err]  2026-06-18 02:22:08,645 - ERROR - Spectator API error 403: {"status":{"message":"Forbidden","status_code":403}}
2026-06-18T02:22:08.648377763Z [err]  2026-06-18 02:22:08,646 - WARNING - Spectator API transient error detected; keeping previous state
2026-06-18T02:22:13.677118199Z [err]  2026-06-18 02:22:13,676 - ERROR - Spectator API error 403: {"status":{"message":"Forbidden","status_code":403}}
2026-06-18T02:22:13.677969765Z [err]  2026-06-18 02:22:13,677 - WARNING - Spectator API transient error detected; keeping previous state
2026-06-18T02:22:18.711883750Z [err]  2026-06-18 02:22:18,710 - ERROR - Spectator API error 403: {"status":{"message":"Forbidden","status_code":403}}
2026-06-18T02:22:18.712753276Z [err]  2026-06-18 02:22:18,711 - WARNING - Spectator API transient error detected; keeping previous state
2026-06-18T02:22:23.772068308Z [err]  2026-06-18 02:22:23,767 - ERROR - Spectator API error 403: {"status":{"message":"Forbidden","status_code":403}}
2026-06-18T02:22:23.773444876Z [err]  2026-06-18 02:22:23,771 - WARNING - Spectator API transient error detected; keeping previous state
2026-06-18T02:22:28.779499208Z [err]  2026-06-18 02:22:28,775 - WARNING - Rate limit reached, waiting 19.2 seconds
2026-06-18T02:22:48.782359719Z [err]  2026-06-18 02:22:48,038 - ERROR - Spectator API error 403: {"status":{"message":"Forbidden","status_code":403}}
2026-06-18T02:22:48.782366049Z [err]  2026-06-18 02:22:48,039 - WARNING - Spectator API transient error detected; keeping previous state
2026-06-18T02:22:53.082955151Z [err]  2026-06-18 02:22:53,081 - ERROR - Spectator API error 403: {"status":{"message":"Forbidden","status_code":403}}
2026-06-18T02:22:53.083579961Z [err]  2026-06-18 02:22:53,082 - WARNING - Spectator API transient error detected; keeping previous state
2026-06-18T02:22:58.136185236Z [err]  2026-06-18 02:22:58,135 - ERROR - Spectator API error 403: {"status":{"message":"Forbidden","status_code":403}}
2026-06-18T02:22:58.137712681Z [err]  2026-06-18 02:22:58,136 - WARNING - Spectator API transient error detected; keeping previous state
2026-06-18T02:23:03.171341123Z [err]  2026-06-18 02:23:03,169 - ERROR - Spectator API error 403: {"status":{"message":"Forbidden","status_code":403}}
2026-06-18T02:23:03.171344723Z [err]  2026-06-18 02:23:03,169 - WARNING - Spectator API transient error detected; keeping previous state
2026-06-18T02:23:08.207042464Z [err]  2026-06-18 02:23:08,204 - ERROR - Spectator API error 403: {"status":{"message":"Forbidden","status_code":403}}
2026-06-18T02:23:08.207047894Z [err]  2026-06-18 02:23:08,205 - WARNING - Spectator API transient error detected; keeping previous state
2026-06-18T02:23:13.244971344Z [err]  2026-06-18 02:23:13,240 - ERROR - Spectator API error 403: {"status":{"message":"Forbidden","status_code":403}}
2026-06-18T02:23:13.244978224Z [err]  2026-06-18 02:23:13,242 - WARNING - Spectator API transient error detected; keeping previous state
2026-06-18T02:23:18.288514647Z [err]  2026-06-18 02:23:18,286 - ERROR - Spectator API error 403: {"status":{"message":"Forbidden","status_code":403}}
2026-06-18T02:23:18.289432972Z [err]  2026-06-18 02:23:18,288 - WARNING - Spectator API transient error detected; keeping previous state
2026-06-18T02:23:23.336662107Z [err]  2026-06-18 02:23:23,335 - ERROR - Spectator API error 403: {"status":{"message":"Forbidden","status_code":403}}
2026-06-18T02:23:23.338254641Z [err]  2026-06-18 02:23:23,337 - WARNING - Spectator API transient error detected; keeping previous state
2026-06-18T02:23:28.377364375Z [err]  2026-06-18 02:23:28,375 - ERROR - Spectator API error 403: {"status":{"message":"Forbidden","status_code":403}}
2026-06-18T02:23:28.378033804Z [err]  2026-06-18 02:23:28,376 - WARNING - Spectator API transient error detected; keeping previous state
2026-06-18T02:23:33.423252211Z [err]  2026-06-18 02:23:33,416 - ERROR - Spectator API error 403: {"status":{"message":"Forbidden","status_code":403}}
2026-06-18T02:23:33.423257210Z [err]  2026-06-18 02:23:33,417 - WARNING - Spectator API transient error detected; keeping previous state
2026-06-18T02:23:38.458047964Z [err]  2026-06-18 02:23:38,455 - ERROR - Spectator API error 403: {"status":{"message":"Forbidden","status_code":403}}
2026-06-18T02:23:38.458053754Z [err]  2026-06-18 02:23:38,456 - WARNING - Spectator API transient error detected; keeping previous state
2026-06-18T02:23:43.496017129Z [err]  2026-06-18 02:23:43,492 - ERROR - Spectator API error 403: {"status":{"message":"Forbidden","status_code":403}}
2026-06-18T02:23:43.496020879Z [err]  2026-06-18 02:23:43,493 - WARNING - Spectator API transient error detected; keeping previous state
2026-06-18T02:23:48.533222651Z [err]  2026-06-18 02:23:48,528 - ERROR - Spectator API error 403: {"status":{"message":"Forbidden","status_code":403}}
2026-06-18T02:23:48.533224991Z [err]  2026-06-18 02:23:48,529 - WARNING - Spectator API transient error detected; keeping previous state
2026-06-18T02:23:53.568123635Z [err]  2026-06-18 02:23:53,566 - ERROR - Spectator API error 403: {"status":{"message":"Forbidden","status_code":403}}
2026-06-18T02:23:53.568966211Z [err]  2026-06-18 02:23:53,568 - WARNING - Spectator API transient error detected; keeping previous state
2026-06-18T02:23:58.608881326Z [err]  2026-06-18 02:23:58,607 - ERROR - Spectator API error 403: {"status":{"message":"Forbidden","status_code":403}}
2026-06-18T02:23:58.609485186Z [err]  2026-06-18 02:23:58,608 - WARNING - Spectator API transient error detected; keeping previous state
2026-06-18T02:24:03.644436617Z [err]  2026-06-18 02:24:03,643 - ERROR - Spectator API error 403: {"status":{"message":"Forbidden","status_code":403}}
2026-06-18T02:24:03.646754749Z [err]  2026-06-18 02:24:03,644 - WARNING - Spectator API transient error detected; keeping previous state
2026-06-18T02:24:08.684652706Z [err]  2026-06-18 02:24:08,683 - ERROR - Spectator API error 403: {"status":{"message":"Forbidden","status_code":403}}
2026-06-18T02:24:08.685009220Z [err]  2026-06-18 02:24:08,684 - WARNING - Spectator API transient error detected; keeping previous state
2026-06-18T02:24:13.731099615Z [err]  2026-06-18 02:24:13,729 - ERROR - Spectator API error 403: {"status":{"message":"Forbidden","status_code":403}}
2026-06-18T02:24:13.731104775Z [err]  2026-06-18 02:24:13,730 - WARNING - Spectator API transient error detected; keeping previous state
2026-06-18T02:24:18.764830588Z [err]  2026-06-18 02:24:18,763 - ERROR - Spectator API error 403: {"status":{"message":"Forbidden","status_code":403}}
2026-06-18T02:24:18.765652155Z [err]  2026-06-18 02:24:18,764 - WARNING - Spectator API transient error detected; keeping previous state
2026-06-18T02:24:23.801185401Z [err]  2026-06-18 02:24:23,799 - ERROR - Spectator API error 403: {"status":{"message":"Forbidden","status_code":403}}
2026-06-18T02:24:23.802062617Z [err]  2026-06-18 02:24:23,800 - WARNING - Spectator API transient error detected; keeping previous state
2026-06-18T02:24:28.808448207Z [err]  2026-06-18 02:24:28,806 - WARNING - Rate limit reached, waiting 19.2 seconds
2026-06-18T02:24:48.810751863Z [err]  2026-06-18 02:24:48,023 - ERROR - Spectator API error 403: {"status":{"message":"Forbidden","status_code":403}}
2026-06-18T02:24:48.810757203Z [err]  2026-06-18 02:24:48,024 - WARNING - Spectator API transient error detected; keeping previous state
2026-06-18T02:24:53.065133047Z [err]  2026-06-18 02:24:53,061 - ERROR - Spectator API error 403: {"status":{"message":"Forbidden","status_code":403}}
2026-06-18T02:24:53.065138357Z [err]  2026-06-18 02:24:53,062 - WARNING - Spectator API transient error detected; keeping previous state
2026-06-18T02:24:58.152169815Z [err]  2026-06-18 02:24:58,100 - ERROR - Spectator API error 403: {"status":{"message":"Forbidden","status_code":403}}
2026-06-18T02:24:58.152174604Z [err]  2026-06-18 02:24:58,101 - WARNING - Spectator API transient error detected; keeping previous state
2026-06-18T02:25:03.157835230Z [err]  2026-06-18 02:25:03,146 - ERROR - Spectator API error 403: {"status":{"message":"Forbidden","status_code":403}}
2026-06-18T02:25:03.157839600Z [err]  2026-06-18 02:25:03,147 - WARNING - Spectator API transient error detected; keeping previous state
2026-06-18T02:25:08.196069586Z [err]  2026-06-18 02:25:08,193 - ERROR - Spectator API error 403: {"status":{"message":"Forbidden","status_code":403}}
2026-06-18T02:25:08.196074826Z [err]  2026-06-18 02:25:08,194 - WARNING - Spectator API transient error detected; keeping previous state
2026-06-18T02:25:13.239042628Z [err]  2026-06-18 02:25:13,237 - ERROR - Spectator API error 403: {"status":{"message":"Forbidden","status_code":403}}
2026-06-18T02:25:13.239743946Z [err]  2026-06-18 02:25:13,238 - WARNING - Spectator API transient error detected; keeping previous state
2026-06-18T02:25:18.272961440Z [err]  2026-06-18 02:25:18,272 - ERROR - Spectator API error 403: {"status":{"message":"Forbidden","status_code":403}}
2026-06-18T02:25:18.276359124Z [err]  2026-06-18 02:25:18,273 - WARNING - Spectator API transient error detected; keeping previous state
2026-06-18T02:25:23.312562084Z [err]  2026-06-18 02:25:23,310 - ERROR - Spectator API error 403: {"status":{"message":"Forbidden","status_code":403}}
2026-06-18T02:25:23.312570044Z [err]  2026-06-18 02:25:23,311 - WARNING - Spectator API transient error detected; keeping previous state
2026-06-18T02:25:28.347830511Z [err]  2026-06-18 02:25:28,346 - ERROR - Spectator API error 403: {"status":{"message":"Forbidden","status_code":403}}
2026-06-18T02:25:28.348853524Z [err]  2026-06-18 02:25:28,347 - WARNING - Spectator API transient error detected; keeping previous state
2026-06-18T02:25:33.379363344Z [err]  2026-06-18 02:25:33,378 - ERROR - Spectator API error 403: {"status":{"message":"Forbidden","status_code":403}}
2026-06-18T02:25:33.381017027Z [err]  2026-06-18 02:25:33,379 - WARNING - Spectator API transient error detected; keeping previous state
2026-06-18T02:25:38.424362538Z [err]  2026-06-18 02:25:38,421 - ERROR - Spectator API error 403: {"status":{"message":"Forbidden","status_code":403}}
2026-06-18T02:25:38.424365848Z [err]  2026-06-18 02:25:38,422 - WARNING - Spectator API transient error detected; keeping previous state
2026-06-18T02:25:43.463718689Z [err]  2026-06-18 02:25:43,460 - ERROR - Spectator API error 403: {"status":{"message":"Forbidden","status_code":403}}
2026-06-18T02:25:43.463722679Z [err]  2026-06-18 02:25:43,461 - WARNING - Spectator API transient error detected; keeping previous state
2026-06-18T02:25:48.495933751Z [err]  2026-06-18 02:25:48,493 - ERROR - Spectator API error 403: {"status":{"message":"Forbidden","status_code":403}}
2026-06-18T02:25:48.495937191Z [err]  2026-06-18 02:25:48,494 - WARNING - Spectator API transient error detected; keeping previous state
2026-06-18T02:25:53.536422369Z [err]  2026-06-18 02:25:53,533 - ERROR - Spectator API error 403: {"status":{"message":"Forbidden","status_code":403}}
2026-06-18T02:25:53.536427849Z [err]  2026-06-18 02:25:53,534 - WARNING - Spectator API transient error detected; keeping previous state
2026-06-18T02:25:58.572146629Z [err]  2026-06-18 02:25:58,567 - ERROR - Spectator API error 403: {"status":{"message":"Forbidden","status_code":403}}
2026-06-18T02:25:58.572152629Z [err]  2026-06-18 02:25:58,568 - WARNING - Spectator API transient error detected; keeping previous state
2026-06-18T02:26:03.608333094Z [err]  2026-06-18 02:26:03,606 - ERROR - Spectator API error 403: {"status":{"message":"Forbidden","status_code":403}}
2026-06-18T02:26:03.609019873Z [err]  2026-06-18 02:26:03,607 - WARNING - Spectator API transient error detected; keeping previous state
2026-06-18T02:26:08.645584156Z [err]  2026-06-18 02:26:08,643 - ERROR - Spectator API error 403: {"status":{"message":"Forbidden","status_code":403}}
2026-06-18T02:26:08.645590786Z [err]  2026-06-18 02:26:08,644 - WARNING - Spectator API transient error detected; keeping previous state
2026-06-18T02:26:13.679567024Z [err]  2026-06-18 02:26:13,678 - ERROR - Spectator API error 403: {"status":{"message":"Forbidden","status_code":403}}
2026-06-18T02:26:13.680649397Z [err]  2026-06-18 02:26:13,679 - WARNING - Spectator API transient error detected; keeping previous state
2026-06-18T02:26:18.714583468Z [err]  2026-06-18 02:26:18,712 - ERROR - Spectator API error 403: {"status":{"message":"Forbidden","status_code":403}}
2026-06-18T02:26:18.714586858Z [err]  2026-06-18 02:26:18,713 - WARNING - Spectator API transient error detected; keeping previous state
2026-06-18T02:26:23.750229846Z [err]  2026-06-18 02:26:23,745 - ERROR - Spectator API error 403: {"status":{"message":"Forbidden","status_code":403}}
2026-06-18T02:26:23.750235826Z [err]  2026-06-18 02:26:23,746 - WARNING - Spectator API transient error detected; keeping previous state
2026-06-18T02:26:28.752737019Z [err]  2026-06-18 02:26:28,751 - WARNING - Rate limit reached, waiting 19.2 seconds
2026-06-18T02:26:48.752248166Z [err]  2026-06-18 02:26:48,036 - ERROR - Spectator API error 403: {"status":{"message":"Forbidden","status_code":403}}
2026-06-18T02:26:48.752251996Z [err]  2026-06-18 02:26:48,037 - WARNING - Spectator API transient error detected; keeping previous state
2026-06-18T02:26:53.075667452Z [err]  2026-06-18 02:26:53,073 - WARNING - Spectator API transient error detected; keeping previous state
2026-06-18T02:26:53.075680462Z [err]  2026-06-18 02:26:53,073 - ERROR - Spectator API error 403: {"status":{"message":"Forbidden","status_code":403}}
2026-06-18T02:26:58.122527585Z [err]  2026-06-18 02:26:58,121 - ERROR - Spectator API error 403: {"status":{"message":"Forbidden","status_code":403}}
2026-06-18T02:26:58.122997727Z [err]  2026-06-18 02:26:58,122 - WARNING - Spectator API transient error detected; keeping previous state
2026-06-18T02:27:03.161651258Z [err]  2026-06-18 02:27:03,160 - ERROR - Spectator API error 403: {"status":{"message":"Forbidden","status_code":403}}
2026-06-18T02:27:03.161981563Z [err]  2026-06-18 02:27:03,161 - WARNING - Spectator API transient error detected; keeping previous state
2026-06-18T02:27:08.255460497Z [err]  2026-06-18 02:27:08,253 - ERROR - Spectator API error 403: {"status":{"message":"Forbidden","status_code":403}}
2026-06-18T02:27:08.255466617Z [err]  2026-06-18 02:27:08,254 - WARNING - Spectator API transient error detected; keeping previous state
2026-06-18T02:27:13.285940757Z [err]  2026-06-18 02:27:13,283 - ERROR - Spectator API error 403: {"status":{"message":"Forbidden","status_code":403}}
2026-06-18T02:27:13.285944707Z [err]  2026-06-18 02:27:13,284 - WARNING - Spectator API transient error detected; keeping previous state
2026-06-18T02:27:18.382724953Z [err]  2026-06-18 02:27:18,324 - ERROR - Spectator API error 403: {"status":{"message":"Forbidden","status_code":403}}
2026-06-18T02:27:18.382731523Z [err]  2026-06-18 02:27:18,325 - WARNING - Spectator API transient error detected; keeping previous state
2026-06-18T02:27:23.419560374Z [err]  2026-06-18 02:27:23,371 - ERROR - Spectator API error 403: {"status":{"message":"Forbidden","status_code":403}}
2026-06-18T02:27:23.419563804Z [err]  2026-06-18 02:27:23,372 - WARNING - Spectator API transient error detected; keeping previous state
2026-06-18T02:27:28.412423460Z [err]  2026-06-18 02:27:28,403 - ERROR - Spectator API error 403: {"status":{"message":"Forbidden","status_code":403}}
2026-06-18T02:27:28.412429420Z [err]  2026-06-18 02:27:28,404 - WARNING - Spectator API transient error detected; keeping previous state
2026-06-18T02:27:33.438309506Z [err]  2026-06-18 02:27:33,437 - ERROR - Spectator API error 403: {"status":{"message":"Forbidden","status_code":403}}
2026-06-18T02:27:33.439340909Z [err]  2026-06-18 02:27:33,438 - WARNING - Spectator API transient error detected; keeping previous state
2026-06-18T02:27:38.480563287Z [err]  2026-06-18 02:27:38,479 - ERROR - Spectator API error 403: {"status":{"message":"Forbidden","status_code":403}}
2026-06-18T02:27:38.481397963Z [err]  2026-06-18 02:27:38,480 - WARNING - Spectator API transient error detected; keeping previous state
2026-06-18T02:27:43.521648950Z [err]  2026-06-18 02:27:43,518 - ERROR - Spectator API error 403: {"status":{"message":"Forbidden","status_code":403}}
2026-06-18T02:27:43.521654340Z [err]  2026-06-18 02:27:43,519 - WARNING - Spectator API transient error detected; keeping previous state
2026-06-18T02:27:48.563175197Z [err]  2026-06-18 02:27:48,562 - ERROR - Spectator API error 403: {"status":{"message":"Forbidden","status_code":403}}
2026-06-18T02:27:48.564003043Z [err]  2026-06-18 02:27:48,562 - WARNING - Spectator API transient error detected; keeping previous state
2026-06-18T02:27:53.614777473Z [err]  2026-06-18 02:27:53,611 - ERROR - Spectator API error 403: {"status":{"message":"Forbidden","status_code":403}}
2026-06-18T02:27:53.614781953Z [err]  2026-06-18 02:27:53,612 - WARNING - Spectator API transient error detected; keeping previous state
2026-06-18T02:27:58.650181165Z [err]  2026-06-18 02:27:58,649 - ERROR - Spectator API error 403: {"status":{"message":"Forbidden","status_code":403}}
2026-06-18T02:27:58.650659117Z [err]  2026-06-18 02:27:58,649 - WARNING - Spectator API transient error detected; keeping previous state
2026-06-18T02:28:03.687341323Z [err]  2026-06-18 02:28:03,683 - ERROR - Spectator API error 403: {"status":{"message":"Forbidden","status_code":403}}
2026-06-18T02:28:03.687345573Z [err]  2026-06-18 02:28:03,684 - WARNING - Spectator API transient error detected; keeping previous state
2026-06-18T02:28:08.717301420Z [err]  2026-06-18 02:28:08,714 - ERROR - Spectator API error 403: {"status":{"message":"Forbidden","status_code":403}}
2026-06-18T02:28:08.717306100Z [err]  2026-06-18 02:28:08,715 - WARNING - Spectator API transient error detected; keeping previous state
2026-06-18T02:28:13.751821036Z [err]  2026-06-18 02:28:13,748 - ERROR - Spectator API error 403: {"status":{"message":"Forbidden","status_code":403}}
2026-06-18T02:28:13.751823985Z [err]  2026-06-18 02:28:13,749 - WARNING - Spectator API transient error detected; keeping previous state
2026-06-18T02:28:18.792537832Z [err]  2026-06-18 02:28:18,791 - ERROR - Spectator API error 403: {"status":{"message":"Forbidden","status_code":403}}
2026-06-18T02:28:18.794288923Z [err]  2026-06-18 02:28:18,793 - WARNING - Spectator API transient error detected; keeping previous state
2026-06-18T02:28:23.829358174Z [err]  2026-06-18 02:28:23,824 - ERROR - Spectator API error 403: {"status":{"message":"Forbidden","status_code":403}}
2026-06-18T02:28:23.829361874Z [err]  2026-06-18 02:28:23,826 - WARNING - Spectator API transient error detected; keeping previous state
2026-06-18T02:28:28.831879471Z [err]  2026-06-18 02:28:28,829 - WARNING - Rate limit reached, waiting 19.2 seconds
2026-06-18T02:28:48.832657835Z [err]  2026-06-18 02:28:48,021 - ERROR - Spectator API error 403: {"status":{"message":"Forbidden","status_code":403}}
2026-06-18T02:28:48.832661955Z [err]  2026-06-18 02:28:48,022 - WARNING - Spectator API transient error detected; keeping previous state
2026-06-18T02:28:53.061863108Z [err]  2026-06-18 02:28:53,059 - ERROR - Spectator API error 403: {"status":{"message":"Forbidden","status_code":403}}
2026-06-18T02:28:53.066101109Z [err]  2026-06-18 02:28:53,063 - WARNING - Spectator API transient error detected; keeping previous state
2026-06-18T02:28:58.111456717Z [err]  2026-06-18 02:28:58,110 - ERROR - Spectator API error 403: {"status":{"message":"Forbidden","status_code":403}}
2026-06-18T02:28:58.115674328Z [err]  2026-06-18 02:28:58,111 - WARNING - Spectator API transient error detected; keeping previous state
2026-06-18T02:29:03.152467839Z [err]  2026-06-18 02:29:03,151 - ERROR - Spectator API error 403: {"status":{"message":"Forbidden","status_code":403}}
2026-06-18T02:29:03.153195327Z [err]  2026-06-18 02:29:03,152 - WARNING - Spectator API transient error detected; keeping previous state
2026-06-18T02:29:08.198805496Z [err]  2026-06-18 02:29:08,196 - ERROR - Spectator API error 403: {"status":{"message":"Forbidden","status_code":403}}
2026-06-18T02:29:08.198809406Z [err]  2026-06-18 02:29:08,197 - WARNING - Spectator API transient error detected; keeping previous state
2026-06-18T02:29:13.238649790Z [err]  2026-06-18 02:29:13,235 - ERROR - Spectator API error 403: {"status":{"message":"Forbidden","status_code":403}}
2026-06-18T02:29:13.238654440Z [err]  2026-06-18 02:29:13,236 - WARNING - Spectator API transient error detected; keeping previous state
2026-06-18T02:29:18.267934231Z [err]  2026-06-18 02:29:18,266 - ERROR - Spectator API error 403: {"status":{"message":"Forbidden","status_code":403}}
2026-06-18T02:29:18.267939401Z [err]  2026-06-18 02:29:18,267 - WARNING - Spectator API transient error detected; keeping previous state
2026-06-18T02:29:23.323675681Z [err]  2026-06-18 02:29:23,319 - ERROR - Spectator API error 403: {"status":{"message":"Forbidden","status_code":403}}
2026-06-18T02:29:23.323679381Z [err]  2026-06-18 02:29:23,320 - WARNING - Spectator API transient error detected; keeping previous state
2026-06-18T02:29:28.373125665Z [err]  2026-06-18 02:29:28,369 - ERROR - Spectator API error 403: {"status":{"message":"Forbidden","status_code":403}}
2026-06-18T02:29:28.373129875Z [err]  2026-06-18 02:29:28,370 - WARNING - Spectator API transient error detected; keeping previous state
2026-06-18T02:29:33.405559891Z [err]  2026-06-18 02:29:33,402 - ERROR - Spectator API error 403: {"status":{"message":"Forbidden","status_code":403}}
2026-06-18T02:29:33.405564811Z [err]  2026-06-18 02:29:33,403 - WARNING - Spectator API transient error detected; keeping previous state
2026-06-18T02:29:38.454806952Z [err]  2026-06-18 02:29:38,453 - ERROR - Spectator API error 403: {"status":{"message":"Forbidden","status_code":403}}
2026-06-18T02:29:38.455873805Z [err]  2026-06-18 02:29:38,454 - WARNING - Spectator API transient error detected; keeping previous state
2026-06-18T02:29:43.493751716Z [err]  2026-06-18 02:29:43,492 - ERROR - Spectator API error 403: {"status":{"message":"Forbidden","status_code":403}}
2026-06-18T02:29:43.494337916Z [err]  2026-06-18 02:29:43,493 - WARNING - Spectator API transient error detected; keeping previous state
2026-06-18T02:29:48.526569461Z [err]  2026-06-18 02:29:48,525 - ERROR - Spectator API error 403: {"status":{"message":"Forbidden","status_code":403}}
2026-06-18T02:29:48.527273640Z [err]  2026-06-18 02:29:48,526 - WARNING - Spectator API transient error detected; keeping previous state
2026-06-18T02:29:53.560487850Z [err]  2026-06-18 02:29:53,558 - ERROR - Spectator API error 403: {"status":{"message":"Forbidden","status_code":403}}
2026-06-18T02:29:53.560491590Z [err]  2026-06-18 02:29:53,559 - WARNING - Spectator API transient error detected; keeping previous state
2026-06-18T02:29:58.662009014Z [err]  2026-06-18 02:29:58,611 - ERROR - Spectator API error 403: {"status":{"message":"Forbidden","status_code":403}}
2026-06-18T02:29:58.662015984Z [err]  2026-06-18 02:29:58,612 - WARNING - Spectator API transient error detected; keeping previous state
2026-06-18T02:30:03.654627154Z [err]  2026-06-18 02:30:03,647 - ERROR - Spectator API error 403: {"status":{"message":"Forbidden","status_code":403}}
2026-06-18T02:30:03.654629514Z [err]  2026-06-18 02:30:03,648 - WARNING - Spectator API transient error detected; keeping previous state
2026-06-18T02:30:08.696311382Z [err]  2026-06-18 02:30:08,694 - ERROR - Spectator API error 403: {"status":{"message":"Forbidden","status_code":403}}
2026-06-18T02:30:08.697000521Z [err]  2026-06-18 02:30:08,695 - WARNING - Spectator API transient error detected; keeping previous state
2026-06-18T02:30:13.752128851Z [err]  2026-06-18 02:30:13,750 - ERROR - Spectator API error 403: {"status":{"message":"Forbidden","status_code":403}}
2026-06-18T02:30:13.753078006Z [err]  2026-06-18 02:30:13,751 - WARNING - Spectator API transient error detected; keeping previous state
2026-06-18T02:30:18.785822334Z [err]  2026-06-18 02:30:18,784 - ERROR - Spectator API error 403: {"status":{"message":"Forbidden","status_code":403}}
2026-06-18T02:30:18.786898106Z [err]  2026-06-18 02:30:18,785 - WARNING - Spectator API transient error detected; keeping previous state
2026-06-18T02:30:23.825283434Z [err]  2026-06-18 02:30:23,820 - ERROR - Spectator API error 403: {"status":{"message":"Forbidden","status_code":403}}
2026-06-18T02:30:23.825287634Z [err]  2026-06-18 02:30:23,821 - WARNING - Spectator API transient error detected; keeping previous state
2026-06-18T02:30:28.828310063Z [err]  2026-06-18 02:30:28,827 - WARNING - Rate limit reached, waiting 19.2 seconds
2026-06-18T02:30:48.827959860Z [err]  2026-06-18 02:30:48,029 - ERROR - Spectator API error 403: {"status":{"message":"Forbidden","status_code":403}}
2026-06-18T02:30:48.827962840Z [err]  2026-06-18 02:30:48,031 - WARNING - Spectator API transient error detected; keeping previous state
2026-06-18T02:30:53.069725408Z [err]  2026-06-18 02:30:53,065 - ERROR - Spectator API error 403: {"status":{"message":"Forbidden","status_code":403}}
2026-06-18T02:30:53.069728478Z [err]  2026-06-18 02:30:53,066 - WARNING - Spectator API transient error detected; keeping previous state
2026-06-18T02:30:58.108799577Z [err]  2026-06-18 02:30:58,106 - ERROR - Spectator API error 403: {"status":{"message":"Forbidden","status_code":403}}
2026-06-18T02:30:58.108804257Z [err]  2026-06-18 02:30:58,107 - WARNING - Spectator API transient error detected; keeping previous state
2026-06-18T02:31:03.170720464Z [err]  2026-06-18 02:31:03,169 - ERROR - Spectator API error 403: {"status":{"message":"Forbidden","status_code":403}}
2026-06-18T02:31:03.171279035Z [err]  2026-06-18 02:31:03,170 - WARNING - Spectator API transient error detected; keeping previous state
2026-06-18T02:31:08.210210799Z [err]  2026-06-18 02:31:08,209 - ERROR - Spectator API error 403: {"status":{"message":"Forbidden","status_code":403}}
2026-06-18T02:31:08.210791240Z [err]  2026-06-18 02:31:08,209 - WARNING - Spectator API transient error detected; keeping previous state
2026-06-18T02:31:10.648865637Z [inf]  💾 Streaks saved to disk
2026-06-18T02:31:13.259017355Z [err]  2026-06-18 02:31:13,256 - ERROR - Spectator API error 403: {"status":{"message":"Forbidden","status_code":403}}
2026-06-18T02:31:13.259021654Z [err]  2026-06-18 02:31:13,257 - WARNING - Spectator API transient error detected; keeping previous state
2026-06-18T02:31:18.296909871Z [err]  2026-06-18 02:31:18,295 - ERROR - Spectator API error 403: {"status":{"message":"Forbidden","status_code":403}}
2026-06-18T02:31:18.296914250Z [err]  2026-06-18 02:31:18,296 - WARNING - Spectator API transient error detected; keeping previous state
2026-06-18T02:31:23.338982149Z [err]  2026-06-18 02:31:23,338 - ERROR - Spectator API error 403: {"status":{"message":"Forbidden","status_code":403}}
2026-06-18T02:31:23.340389096Z [err]  2026-06-18 02:31:23,339 - WARNING - Spectator API transient error detected; keeping previous state
2026-06-18T02:31:28.380774284Z [err]  2026-06-18 02:31:28,379 - ERROR - Spectator API error 403: {"status":{"message":"Forbidden","status_code":403}}
2026-06-18T02:31:28.380778334Z [err]  2026-06-18 02:31:28,380 - WARNING - Spectator API transient error detected; keeping previous state
2026-06-18T02:31:33.412992467Z [err]  2026-06-18 02:31:33,412 - ERROR - Spectator API error 403: {"status":{"message":"Forbidden","status_code":403}}
2026-06-18T02:31:33.413861593Z [err]  2026-06-18 02:31:33,413 - WARNING - Spectator API transient error detected; keeping previous state
2026-06-18T02:31:38.448923552Z [err]  2026-06-18 02:31:38,445 - ERROR - Spectator API error 403: {"status":{"message":"Forbidden","status_code":403}}
2026-06-18T02:31:38.448926892Z [err]  2026-06-18 02:31:38,446 - WARNING - Spectator API transient error detected; keeping previous state
2026-06-18T02:31:43.491319572Z [err]  2026-06-18 02:31:43,490 - ERROR - Spectator API error 403: {"status":{"message":"Forbidden","status_code":403}}
2026-06-18T02:31:43.491926042Z [err]  2026-06-18 02:31:43,491 - WARNING - Spectator API transient error detected; keeping previous state
2026-06-18T02:31:48.522531977Z [err]  2026-06-18 02:31:48,520 - ERROR - Spectator API error 403: {"status":{"message":"Forbidden","status_code":403}}
2026-06-18T02:31:48.522537247Z [err]  2026-06-18 02:31:48,521 - WARNING - Spectator API transient error detected; keeping previous state
2026-06-18T02:31:53.559293593Z [err]  2026-06-18 02:31:53,558 - ERROR - Spectator API error 403: {"status":{"message":"Forbidden","status_code":403}}
2026-06-18T02:31:53.559938233Z [err]  2026-06-18 02:31:53,559 - WARNING - Spectator API transient error detected; keeping previous state